INFO - 2023-11-17 06:16:04 --> Session: Class initialized using 'CodeIgniter\Session\Handlers\FileHandler' driver.
INFO - 2023-11-17 07:00:29 --> CSRF token verified.
CRITICAL - 2023-11-17 07:00:54 --> The action you requested is not allowed.
in SYSTEMPATH\Security\Security.php on line 300.
 1 SYSTEMPATH\Security\Security.php(300): CodeIgniter\Security\Exceptions\SecurityException::forDisallowedAction()
 2 SYSTEMPATH\Filters\CSRF.php(56): CodeIgniter\Security\Security->verify(Object(CodeIgniter\HTTP\IncomingRequest))
 3 SYSTEMPATH\Filters\Filters.php(184): CodeIgniter\Filters\CSRF->before(Object(CodeIgniter\HTTP\IncomingRequest), null)
 4 SYSTEMPATH\CodeIgniter.php(474): CodeIgniter\Filters\Filters->run('register', 'before')
 5 SYSTEMPATH\CodeIgniter.php(361): CodeIgniter\CodeIgniter->handleRequest(null, Object(Config\Cache), false)
 6 FCPATH\index.php(79): CodeIgniter\CodeIgniter->run()
 7 SYSTEMPATH\Commands\Server\rewrite.php(47): require_once('C:\\Users\\20030\\OneDrive\\Masaüstü\\mendirek\\public\\index.php')
INFO - 2023-11-17 07:01:01 --> CSRF token verified.
INFO - 2023-11-17 07:01:43 --> CSRF token verified.
INFO - 2023-11-17 07:03:14 --> CSRF token verified.
INFO - 2023-11-17 07:04:13 --> CSRF token verified.
INFO - 2023-11-17 07:04:54 --> CSRF token verified.
INFO - 2023-11-17 07:18:22 --> CSRF token verified.
CRITICAL - 2023-11-17 07:19:49 --> The action you requested is not allowed.
in SYSTEMPATH\Security\Security.php on line 300.
 1 SYSTEMPATH\Security\Security.php(300): CodeIgniter\Security\Exceptions\SecurityException::forDisallowedAction()
 2 SYSTEMPATH\Filters\CSRF.php(56): CodeIgniter\Security\Security->verify(Object(CodeIgniter\HTTP\IncomingRequest))
 3 SYSTEMPATH\Filters\Filters.php(184): CodeIgniter\Filters\CSRF->before(Object(CodeIgniter\HTTP\IncomingRequest), null)
 4 SYSTEMPATH\CodeIgniter.php(474): CodeIgniter\Filters\Filters->run('register', 'before')
 5 SYSTEMPATH\CodeIgniter.php(361): CodeIgniter\CodeIgniter->handleRequest(null, Object(Config\Cache), false)
 6 FCPATH\index.php(79): CodeIgniter\CodeIgniter->run()
 7 SYSTEMPATH\Commands\Server\rewrite.php(47): require_once('C:\\Users\\20030\\OneDrive\\Masaüstü\\mendirek\\public\\index.php')
INFO - 2023-11-17 07:19:55 --> CSRF token verified.
CRITICAL - 2023-11-17 07:41:50 --> The action you requested is not allowed.
in SYSTEMPATH\Security\Security.php on line 300.
 1 SYSTEMPATH\Security\Security.php(300): CodeIgniter\Security\Exceptions\SecurityException::forDisallowedAction()
 2 SYSTEMPATH\Filters\CSRF.php(56): CodeIgniter\Security\Security->verify(Object(CodeIgniter\HTTP\IncomingRequest))
 3 SYSTEMPATH\Filters\Filters.php(184): CodeIgniter\Filters\CSRF->before(Object(CodeIgniter\HTTP\IncomingRequest), null)
 4 SYSTEMPATH\CodeIgniter.php(474): CodeIgniter\Filters\Filters->run('register', 'before')
 5 SYSTEMPATH\CodeIgniter.php(361): CodeIgniter\CodeIgniter->handleRequest(null, Object(Config\Cache), false)
 6 FCPATH\index.php(79): CodeIgniter\CodeIgniter->run()
 7 SYSTEMPATH\Commands\Server\rewrite.php(47): require_once('C:\\Users\\20030\\OneDrive\\Masaüstü\\mendirek\\public\\index.php')
INFO - 2023-11-17 07:42:22 --> CSRF token verified.
INFO - 2023-11-17 08:17:42 --> CSRF token verified.
CRITICAL - 2023-11-17 08:17:42 --> "Kullanıcı adı alanı boş bırakılamaz." is not a valid rule.
in SYSTEMPATH\Validation\Validation.php on line 319.
 1 SYSTEMPATH\Validation\Validation.php(319): CodeIgniter\Validation\Exceptions\ValidationException::forRuleNotFound('Kullanıcı adı alanı boş bırakılamaz.')
 2 SYSTEMPATH\Validation\Validation.php(197): CodeIgniter\Validation\Validation->processRules('0', '0', null, [...], [...])
 3 SYSTEMPATH\Controller.php(152): CodeIgniter\Validation\Validation->run()
 4 APPPATH\Controllers\User.php(85): CodeIgniter\Controller->validate('register')
 5 SYSTEMPATH\CodeIgniter.php(942): App\Controllers\User->register()
 6 SYSTEMPATH\CodeIgniter.php(502): CodeIgniter\CodeIgniter->runController(Object(App\Controllers\User))
 7 SYSTEMPATH\CodeIgniter.php(361): CodeIgniter\CodeIgniter->handleRequest(null, Object(Config\Cache), false)
 8 FCPATH\index.php(79): CodeIgniter\CodeIgniter->run()
 9 SYSTEMPATH\Commands\Server\rewrite.php(47): require_once('C:\\Users\\20030\\OneDrive\\Masaüstü\\mendirek\\public\\index.php')
CRITICAL - 2023-11-17 08:21:53 --> Undefined variable $validation
in APPPATH\Views\user\register.php on line 53.
 1 APPPATH\Views\user\register.php(53): CodeIgniter\Debug\Exceptions->errorHandler(2, 'Undefined variable $validation', 'C:\\Users\\20030\\OneDrive\\Masaüstü\\mendirek\\app\\Views\\user\\register.php', 53)
 2 SYSTEMPATH\View\View.php(228): include('C:\\Users\\20030\\OneDrive\\Masaüstü\\mendirek\\app\\Views\\user\\register.php')
 3 SYSTEMPATH\View\View.php(231): CodeIgniter\View\View->CodeIgniter\View\{closure}()
 4 SYSTEMPATH\Common.php(1190): CodeIgniter\View\View->render('user/register', [], true)
 5 APPPATH\Controllers\User.php(123): view('user/register', [...])
 6 SYSTEMPATH\CodeIgniter.php(942): App\Controllers\User->register()
 7 SYSTEMPATH\CodeIgniter.php(502): CodeIgniter\CodeIgniter->runController(Object(App\Controllers\User))
 8 SYSTEMPATH\CodeIgniter.php(361): CodeIgniter\CodeIgniter->handleRequest(null, Object(Config\Cache), false)
 9 FCPATH\index.php(79): CodeIgniter\CodeIgniter->run()
10 SYSTEMPATH\Commands\Server\rewrite.php(47): require_once('C:\\Users\\20030\\OneDrive\\Masaüstü\\mendirek\\public\\index.php')
CRITICAL - 2023-11-17 08:21:56 --> Undefined variable $validation
in APPPATH\Views\user\register.php on line 53.
 1 APPPATH\Views\user\register.php(53): CodeIgniter\Debug\Exceptions->errorHandler(2, 'Undefined variable $validation', 'C:\\Users\\20030\\OneDrive\\Masaüstü\\mendirek\\app\\Views\\user\\register.php', 53)
 2 SYSTEMPATH\View\View.php(228): include('C:\\Users\\20030\\OneDrive\\Masaüstü\\mendirek\\app\\Views\\user\\register.php')
 3 SYSTEMPATH\View\View.php(231): CodeIgniter\View\View->CodeIgniter\View\{closure}()
 4 SYSTEMPATH\Common.php(1190): CodeIgniter\View\View->render('user/register', [], true)
 5 APPPATH\Controllers\User.php(123): view('user/register', [...])
 6 SYSTEMPATH\CodeIgniter.php(942): App\Controllers\User->register()
 7 SYSTEMPATH\CodeIgniter.php(502): CodeIgniter\CodeIgniter->runController(Object(App\Controllers\User))
 8 SYSTEMPATH\CodeIgniter.php(361): CodeIgniter\CodeIgniter->handleRequest(null, Object(Config\Cache), false)
 9 FCPATH\index.php(79): CodeIgniter\CodeIgniter->run()
10 SYSTEMPATH\Commands\Server\rewrite.php(47): require_once('C:\\Users\\20030\\OneDrive\\Masaüstü\\mendirek\\public\\index.php')
CRITICAL - 2023-11-17 08:23:18 --> syntax error, unexpected token "echo"
in APPPATH\Views\user\register.php on line 53.
 1 SYSTEMPATH\View\View.php(231): CodeIgniter\View\View->CodeIgniter\View\{closure}()
 2 SYSTEMPATH\Common.php(1190): CodeIgniter\View\View->render('user/register', [], true)
 3 APPPATH\Controllers\User.php(123): view('user/register', [...])
 4 SYSTEMPATH\CodeIgniter.php(942): App\Controllers\User->register()
 5 SYSTEMPATH\CodeIgniter.php(502): CodeIgniter\CodeIgniter->runController(Object(App\Controllers\User))
 6 SYSTEMPATH\CodeIgniter.php(361): CodeIgniter\CodeIgniter->handleRequest(null, Object(Config\Cache), false)
 7 FCPATH\index.php(79): CodeIgniter\CodeIgniter->run()
 8 SYSTEMPATH\Commands\Server\rewrite.php(47): require_once('C:\\Users\\20030\\OneDrive\\Masaüstü\\mendirek\\public\\index.php')
CRITICAL - 2023-11-17 08:23:57 --> Undefined variable $validation
in APPPATH\Views\user\register.php on line 53.
 1 APPPATH\Views\user\register.php(53): CodeIgniter\Debug\Exceptions->errorHandler(2, 'Undefined variable $validation', 'C:\\Users\\20030\\OneDrive\\Masaüstü\\mendirek\\app\\Views\\user\\register.php', 53)
 2 SYSTEMPATH\View\View.php(228): include('C:\\Users\\20030\\OneDrive\\Masaüstü\\mendirek\\app\\Views\\user\\register.php')
 3 SYSTEMPATH\View\View.php(231): CodeIgniter\View\View->CodeIgniter\View\{closure}()
 4 SYSTEMPATH\Common.php(1190): CodeIgniter\View\View->render('user/register', [], true)
 5 APPPATH\Controllers\User.php(123): view('user/register', [...])
 6 SYSTEMPATH\CodeIgniter.php(942): App\Controllers\User->register()
 7 SYSTEMPATH\CodeIgniter.php(502): CodeIgniter\CodeIgniter->runController(Object(App\Controllers\User))
 8 SYSTEMPATH\CodeIgniter.php(361): CodeIgniter\CodeIgniter->handleRequest(null, Object(Config\Cache), false)
 9 FCPATH\index.php(79): CodeIgniter\CodeIgniter->run()
10 SYSTEMPATH\Commands\Server\rewrite.php(47): require_once('C:\\Users\\20030\\OneDrive\\Masaüstü\\mendirek\\public\\index.php')
CRITICAL - 2023-11-17 08:25:01 --> Undefined variable $validation
in APPPATH\Views\user\register.php on line 53.
 1 APPPATH\Views\user\register.php(53): CodeIgniter\Debug\Exceptions->errorHandler(2, 'Undefined variable $validation', 'C:\\Users\\20030\\OneDrive\\Masaüstü\\mendirek\\app\\Views\\user\\register.php', 53)
 2 SYSTEMPATH\View\View.php(228): include('C:\\Users\\20030\\OneDrive\\Masaüstü\\mendirek\\app\\Views\\user\\register.php')
 3 SYSTEMPATH\View\View.php(231): CodeIgniter\View\View->CodeIgniter\View\{closure}()
 4 SYSTEMPATH\Common.php(1190): CodeIgniter\View\View->render('user/register', [], true)
 5 APPPATH\Controllers\User.php(123): view('user/register', [...])
 6 SYSTEMPATH\CodeIgniter.php(942): App\Controllers\User->register()
 7 SYSTEMPATH\CodeIgniter.php(502): CodeIgniter\CodeIgniter->runController(Object(App\Controllers\User))
 8 SYSTEMPATH\CodeIgniter.php(361): CodeIgniter\CodeIgniter->handleRequest(null, Object(Config\Cache), false)
 9 FCPATH\index.php(79): CodeIgniter\CodeIgniter->run()
10 SYSTEMPATH\Commands\Server\rewrite.php(47): require_once('C:\\Users\\20030\\OneDrive\\Masaüstü\\mendirek\\public\\index.php')
CRITICAL - 2023-11-17 08:25:27 --> Call to a member function hasError() on null
in APPPATH\Views\user\register.php on line 53.
 1 SYSTEMPATH\View\View.php(228): include()
 2 SYSTEMPATH\View\View.php(231): CodeIgniter\View\View->CodeIgniter\View\{closure}()
 3 SYSTEMPATH\Common.php(1190): CodeIgniter\View\View->render('user/register', [], true)
 4 APPPATH\Controllers\User.php(124): view('user/register', [...])
 5 SYSTEMPATH\CodeIgniter.php(942): App\Controllers\User->register()
 6 SYSTEMPATH\CodeIgniter.php(502): CodeIgniter\CodeIgniter->runController(Object(App\Controllers\User))
 7 SYSTEMPATH\CodeIgniter.php(361): CodeIgniter\CodeIgniter->handleRequest(null, Object(Config\Cache), false)
 8 FCPATH\index.php(79): CodeIgniter\CodeIgniter->run()
 9 SYSTEMPATH\Commands\Server\rewrite.php(47): require_once('C:\\Users\\20030\\OneDrive\\Masaüstü\\mendirek\\public\\index.php')
CRITICAL - 2023-11-17 08:25:29 --> Call to a member function hasError() on null
in APPPATH\Views\user\register.php on line 53.
 1 SYSTEMPATH\View\View.php(228): include()
 2 SYSTEMPATH\View\View.php(231): CodeIgniter\View\View->CodeIgniter\View\{closure}()
 3 SYSTEMPATH\Common.php(1190): CodeIgniter\View\View->render('user/register', [], true)
 4 APPPATH\Controllers\User.php(124): view('user/register', [...])
 5 SYSTEMPATH\CodeIgniter.php(942): App\Controllers\User->register()
 6 SYSTEMPATH\CodeIgniter.php(502): CodeIgniter\CodeIgniter->runController(Object(App\Controllers\User))
 7 SYSTEMPATH\CodeIgniter.php(361): CodeIgniter\CodeIgniter->handleRequest(null, Object(Config\Cache), false)
 8 FCPATH\index.php(79): CodeIgniter\CodeIgniter->run()
 9 SYSTEMPATH\Commands\Server\rewrite.php(47): require_once('C:\\Users\\20030\\OneDrive\\Masaüstü\\mendirek\\public\\index.php')
CRITICAL - 2023-11-17 08:25:51 --> Call to a member function hasError() on null
in APPPATH\Views\user\register.php on line 53.
 1 SYSTEMPATH\View\View.php(228): include()
 2 SYSTEMPATH\View\View.php(231): CodeIgniter\View\View->CodeIgniter\View\{closure}()
 3 SYSTEMPATH\Common.php(1190): CodeIgniter\View\View->render('user/register', [], true)
 4 APPPATH\Controllers\User.php(124): view('user/register', [...])
 5 SYSTEMPATH\CodeIgniter.php(942): App\Controllers\User->register()
 6 SYSTEMPATH\CodeIgniter.php(502): CodeIgniter\CodeIgniter->runController(Object(App\Controllers\User))
 7 SYSTEMPATH\CodeIgniter.php(361): CodeIgniter\CodeIgniter->handleRequest(null, Object(Config\Cache), false)
 8 FCPATH\index.php(79): CodeIgniter\CodeIgniter->run()
 9 SYSTEMPATH\Commands\Server\rewrite.php(47): require_once('C:\\Users\\20030\\OneDrive\\Masaüstü\\mendirek\\public\\index.php')
INFO - 2023-11-17 08:26:54 --> CSRF token verified.
CRITICAL - 2023-11-17 08:26:54 --> "" is not a valid rule.
in SYSTEMPATH\Validation\Validation.php on line 319.
 1 SYSTEMPATH\Validation\Validation.php(319): CodeIgniter\Validation\Exceptions\ValidationException::forRuleNotFound('')
 2 SYSTEMPATH\Validation\Validation.php(197): CodeIgniter\Validation\Validation->processRules('newsletter', 'newsletter', null, [...], [...])
 3 SYSTEMPATH\Controller.php(152): CodeIgniter\Validation\Validation->run()
 4 APPPATH\Controllers\User.php(86): CodeIgniter\Controller->validate('register')
 5 SYSTEMPATH\CodeIgniter.php(942): App\Controllers\User->register()
 6 SYSTEMPATH\CodeIgniter.php(502): CodeIgniter\CodeIgniter->runController(Object(App\Controllers\User))
 7 SYSTEMPATH\CodeIgniter.php(361): CodeIgniter\CodeIgniter->handleRequest(null, Object(Config\Cache), false)
 8 FCPATH\index.php(79): CodeIgniter\CodeIgniter->run()
 9 SYSTEMPATH\Commands\Server\rewrite.php(47): require_once('C:\\Users\\20030\\OneDrive\\Masaüstü\\mendirek\\public\\index.php')
INFO - 2023-11-17 08:27:14 --> CSRF token verified.
INFO - 2023-11-17 08:29:24 --> CSRF token verified.
INFO - 2023-11-17 08:30:33 --> CSRF token verified.
ERROR - 2023-11-17 08:30:33 --> mysqli_sql_exception: Table 'mendirek.users' doesn't exist in C:\Users\20030\OneDrive\Masaüstü\mendirek\system\Database\MySQLi\Connection.php:306
Stack trace:
#0 C:\Users\20030\OneDrive\Masaüstü\mendirek\system\Database\MySQLi\Connection.php(306): mysqli->query('SELECT 1\nFROM `...', 0)
#1 C:\Users\20030\OneDrive\Masaüstü\mendirek\system\Database\BaseConnection.php(693): CodeIgniter\Database\MySQLi\Connection->execute('SELECT 1\nFROM `...')
#2 C:\Users\20030\OneDrive\Masaüstü\mendirek\system\Database\BaseConnection.php(607): CodeIgniter\Database\BaseConnection->simpleQuery('SELECT 1\nFROM `...')
#3 C:\Users\20030\OneDrive\Masaüstü\mendirek\system\Database\BaseBuilder.php(1615): CodeIgniter\Database\BaseConnection->query('SELECT 1\nFROM `...', Array, false)
#4 C:\Users\20030\OneDrive\Masaüstü\mendirek\system\Validation\StrictRules\Rules.php(212): CodeIgniter\Database\BaseBuilder->get()
#5 C:\Users\20030\OneDrive\Masaüstü\mendirek\system\Validation\Validation.php(311): CodeIgniter\Validation\StrictRules\Rules->is_unique('ther3bornx@gmai...', 'email', Array, NULL, 'email')
#6 C:\Users\20030\OneDrive\Masaüstü\mendirek\system\Validation\Validation.php(197): CodeIgniter\Validation\Validation->processRules('email', 'email', 'ther3bornx@gmai...', Array, Array)
#7 C:\Users\20030\OneDrive\Masaüstü\mendirek\system\Controller.php(152): CodeIgniter\Validation\Validation->run()
#8 C:\Users\20030\OneDrive\Masaüstü\mendirek\app\Controllers\User.php(86): CodeIgniter\Controller->validate('register')
#9 C:\Users\20030\OneDrive\Masaüstü\mendirek\system\CodeIgniter.php(942): App\Controllers\User->register()
#10 C:\Users\20030\OneDrive\Masaüstü\mendirek\system\CodeIgniter.php(502): CodeIgniter\CodeIgniter->runController(Object(App\Controllers\User))
#11 C:\Users\20030\OneDrive\Masaüstü\mendirek\system\CodeIgniter.php(361): CodeIgniter\CodeIgniter->handleRequest(NULL, Object(Config\Cache), false)
#12 C:\Users\20030\OneDrive\Masaüstü\mendirek\public\index.php(79): CodeIgniter\CodeIgniter->run()
#13 C:\Users\20030\OneDrive\Masaüstü\mendirek\system\Commands\Server\rewrite.php(47): require_once('C:\\Users\\20030\\...')
#14 {main}
CRITICAL - 2023-11-17 08:30:33 --> Table 'mendirek.users' doesn't exist
in SYSTEMPATH\Database\BaseConnection.php on line 647.
 1 SYSTEMPATH\Database\BaseBuilder.php(1615): CodeIgniter\Database\BaseConnection->query('SELECT 1
FROM `users`
WHERE `email` = :email:
 LIMIT 1', [...], false)
 2 SYSTEMPATH\Validation\StrictRules\Rules.php(212): CodeIgniter\Database\BaseBuilder->get()
 3 SYSTEMPATH\Validation\Validation.php(311): CodeIgniter\Validation\StrictRules\Rules->is_unique('ther3bornx@gmail.com', 'email', [...], null, 'email')
 4 SYSTEMPATH\Validation\Validation.php(197): CodeIgniter\Validation\Validation->processRules('email', 'email', 'ther3bornx@gmail.com', [...], [...])
 5 SYSTEMPATH\Controller.php(152): CodeIgniter\Validation\Validation->run()
 6 APPPATH\Controllers\User.php(86): CodeIgniter\Controller->validate('register')
 7 SYSTEMPATH\CodeIgniter.php(942): App\Controllers\User->register()
 8 SYSTEMPATH\CodeIgniter.php(502): CodeIgniter\CodeIgniter->runController(Object(App\Controllers\User))
 9 SYSTEMPATH\CodeIgniter.php(361): CodeIgniter\CodeIgniter->handleRequest(null, Object(Config\Cache), false)
10 FCPATH\index.php(79): CodeIgniter\CodeIgniter->run()
11 SYSTEMPATH\Commands\Server\rewrite.php(47): require_once('C:\\Users\\20030\\OneDrive\\Masaüstü\\mendirek\\public\\index.php')
INFO - 2023-11-17 08:41:44 --> CSRF token verified.
INFO - 2023-11-17 08:42:01 --> CSRF token verified.
INFO - 2023-11-17 08:44:17 --> CSRF token verified.
INFO - 2023-11-17 08:45:57 --> CSRF token verified.
INFO - 2023-11-17 08:46:21 --> CSRF token verified.
INFO - 2023-11-17 08:47:31 --> CSRF token verified.
INFO - 2023-11-17 08:48:18 --> CSRF token verified.
INFO - 2023-11-17 08:49:14 --> CSRF token verified.
INFO - 2023-11-17 08:50:02 --> CSRF token verified.
INFO - 2023-11-17 08:51:11 --> CSRF token verified.
INFO - 2023-11-17 08:52:38 --> CSRF token verified.
INFO - 2023-11-17 09:02:05 --> CSRF token verified.
INFO - 2023-11-17 09:02:38 --> CSRF token verified.
ERROR - 2023-11-17 09:02:38 --> mysqli_sql_exception: Unknown column 'newsletter' in 'field list' in C:\Users\20030\OneDrive\Masaüstü\mendirek\system\Database\MySQLi\Connection.php:306
Stack trace:
#0 C:\Users\20030\OneDrive\Masaüstü\mendirek\system\Database\MySQLi\Connection.php(306): mysqli->query('INSERT INTO use...', 0)
#1 C:\Users\20030\OneDrive\Masaüstü\mendirek\system\Database\BaseConnection.php(693): CodeIgniter\Database\MySQLi\Connection->execute('INSERT INTO use...')
#2 C:\Users\20030\OneDrive\Masaüstü\mendirek\system\Database\BaseConnection.php(607): CodeIgniter\Database\BaseConnection->simpleQuery('INSERT INTO use...')
#3 C:\Users\20030\OneDrive\Masaüstü\mendirek\app\Controllers\User.php(110): CodeIgniter\Database\BaseConnection->query('INSERT INTO use...', Array)
#4 C:\Users\20030\OneDrive\Masaüstü\mendirek\system\CodeIgniter.php(942): App\Controllers\User->register()
#5 C:\Users\20030\OneDrive\Masaüstü\mendirek\system\CodeIgniter.php(502): CodeIgniter\CodeIgniter->runController(Object(App\Controllers\User))
#6 C:\Users\20030\OneDrive\Masaüstü\mendirek\system\CodeIgniter.php(361): CodeIgniter\CodeIgniter->handleRequest(NULL, Object(Config\Cache), false)
#7 C:\Users\20030\OneDrive\Masaüstü\mendirek\public\index.php(79): CodeIgniter\CodeIgniter->run()
#8 C:\Users\20030\OneDrive\Masaüstü\mendirek\system\Commands\Server\rewrite.php(47): require_once('C:\\Users\\20030\\...')
#9 {main}
CRITICAL - 2023-11-17 09:02:38 --> Unknown column 'newsletter' in 'field list'
in SYSTEMPATH\Database\BaseConnection.php on line 647.
 1 APPPATH\Controllers\User.php(110): CodeIgniter\Database\BaseConnection->query('INSERT INTO users (username, email, password, phone, newsletter) VALUES (\'?\',\'?\',\'?\',\'?\',\'?\',\'?\')', [...])
 2 SYSTEMPATH\CodeIgniter.php(942): App\Controllers\User->register()
 3 SYSTEMPATH\CodeIgniter.php(502): CodeIgniter\CodeIgniter->runController(Object(App\Controllers\User))
 4 SYSTEMPATH\CodeIgniter.php(361): CodeIgniter\CodeIgniter->handleRequest(null, Object(Config\Cache), false)
 5 FCPATH\index.php(79): CodeIgniter\CodeIgniter->run()
 6 SYSTEMPATH\Commands\Server\rewrite.php(47): require_once('C:\\Users\\20030\\OneDrive\\Masaüstü\\mendirek\\public\\index.php')
INFO - 2023-11-17 09:03:26 --> CSRF token verified.
ERROR - 2023-11-17 09:03:26 --> mysqli_sql_exception: Column count doesn't match value count at row 1 in C:\Users\20030\OneDrive\Masaüstü\mendirek\system\Database\MySQLi\Connection.php:306
Stack trace:
#0 C:\Users\20030\OneDrive\Masaüstü\mendirek\system\Database\MySQLi\Connection.php(306): mysqli->query('INSERT INTO use...', 0)
#1 C:\Users\20030\OneDrive\Masaüstü\mendirek\system\Database\BaseConnection.php(693): CodeIgniter\Database\MySQLi\Connection->execute('INSERT INTO use...')
#2 C:\Users\20030\OneDrive\Masaüstü\mendirek\system\Database\BaseConnection.php(607): CodeIgniter\Database\BaseConnection->simpleQuery('INSERT INTO use...')
#3 C:\Users\20030\OneDrive\Masaüstü\mendirek\app\Controllers\User.php(110): CodeIgniter\Database\BaseConnection->query('INSERT INTO use...', Array)
#4 C:\Users\20030\OneDrive\Masaüstü\mendirek\system\CodeIgniter.php(942): App\Controllers\User->register()
#5 C:\Users\20030\OneDrive\Masaüstü\mendirek\system\CodeIgniter.php(502): CodeIgniter\CodeIgniter->runController(Object(App\Controllers\User))
#6 C:\Users\20030\OneDrive\Masaüstü\mendirek\system\CodeIgniter.php(361): CodeIgniter\CodeIgniter->handleRequest(NULL, Object(Config\Cache), false)
#7 C:\Users\20030\OneDrive\Masaüstü\mendirek\public\index.php(79): CodeIgniter\CodeIgniter->run()
#8 C:\Users\20030\OneDrive\Masaüstü\mendirek\system\Commands\Server\rewrite.php(47): require_once('C:\\Users\\20030\\...')
#9 {main}
CRITICAL - 2023-11-17 09:03:26 --> Column count doesn't match value count at row 1
in SYSTEMPATH\Database\BaseConnection.php on line 647.
 1 APPPATH\Controllers\User.php(110): CodeIgniter\Database\BaseConnection->query('INSERT INTO users (username, email, password, phone) VALUES (\'?\',\'?\',\'?\',\'?\',\'?\')', [...])
 2 SYSTEMPATH\CodeIgniter.php(942): App\Controllers\User->register()
 3 SYSTEMPATH\CodeIgniter.php(502): CodeIgniter\CodeIgniter->runController(Object(App\Controllers\User))
 4 SYSTEMPATH\CodeIgniter.php(361): CodeIgniter\CodeIgniter->handleRequest(null, Object(Config\Cache), false)
 5 FCPATH\index.php(79): CodeIgniter\CodeIgniter->run()
 6 SYSTEMPATH\Commands\Server\rewrite.php(47): require_once('C:\\Users\\20030\\OneDrive\\Masaüstü\\mendirek\\public\\index.php')
INFO - 2023-11-17 09:03:54 --> CSRF token verified.
INFO - 2023-11-17 09:07:12 --> CSRF token verified.
INFO - 2023-11-17 09:08:16 --> CSRF token verified.
INFO - 2023-11-17 09:22:09 --> CSRF token verified.
CRITICAL - 2023-11-17 09:22:47 --> The action you requested is not allowed.
in SYSTEMPATH\Security\Security.php on line 300.
 1 SYSTEMPATH\Security\Security.php(300): CodeIgniter\Security\Exceptions\SecurityException::forDisallowedAction()
 2 SYSTEMPATH\Filters\CSRF.php(56): CodeIgniter\Security\Security->verify(Object(CodeIgniter\HTTP\IncomingRequest))
 3 SYSTEMPATH\Filters\Filters.php(184): CodeIgniter\Filters\CSRF->before(Object(CodeIgniter\HTTP\IncomingRequest), null)
 4 SYSTEMPATH\CodeIgniter.php(474): CodeIgniter\Filters\Filters->run('login', 'before')
 5 SYSTEMPATH\CodeIgniter.php(361): CodeIgniter\CodeIgniter->handleRequest(null, Object(Config\Cache), false)
 6 FCPATH\index.php(79): CodeIgniter\CodeIgniter->run()
 7 SYSTEMPATH\Commands\Server\rewrite.php(47): require_once('C:\\Users\\20030\\OneDrive\\Masaüstü\\mendirek\\public\\index.php')
INFO - 2023-11-17 09:23:04 --> CSRF token verified.
INFO - 2023-11-17 09:24:24 --> CSRF token verified.
INFO - 2023-11-17 09:25:23 --> CSRF token verified.
INFO - 2023-11-17 09:27:57 --> CSRF token verified.
INFO - 2023-11-17 09:27:57 --> Session: Class initialized using 'CodeIgniter\Session\Handlers\FileHandler' driver.
CRITICAL - 2023-11-17 09:27:57 --> Undefined array key "username"
in APPPATH\Controllers\User.php on line 55.
 1 APPPATH\Controllers\User.php(55): CodeIgniter\Debug\Exceptions->errorHandler(2, 'Undefined array key "username"', 'C:\\Users\\20030\\OneDrive\\Masaüstü\\mendirek\\app\\Controllers\\User.php', 55)
 2 SYSTEMPATH\CodeIgniter.php(942): App\Controllers\User->login()
 3 SYSTEMPATH\CodeIgniter.php(502): CodeIgniter\CodeIgniter->runController(Object(App\Controllers\User))
 4 SYSTEMPATH\CodeIgniter.php(361): CodeIgniter\CodeIgniter->handleRequest(null, Object(Config\Cache), false)
 5 FCPATH\index.php(79): CodeIgniter\CodeIgniter->run()
 6 SYSTEMPATH\Commands\Server\rewrite.php(47): require_once('C:\\Users\\20030\\OneDrive\\Masaüstü\\mendirek\\public\\index.php')
INFO - 2023-11-17 09:29:58 --> CSRF token verified.
INFO - 2023-11-17 09:29:58 --> Session: Class initialized using 'CodeIgniter\Session\Handlers\FileHandler' driver.
INFO - 2023-11-17 09:37:51 --> Session: Class initialized using 'CodeIgniter\Session\Handlers\FileHandler' driver.
INFO - 2023-11-17 09:37:57 --> Session: Class initialized using 'CodeIgniter\Session\Handlers\FileHandler' driver.
INFO - 2023-11-17 09:37:59 --> Session: Class initialized using 'CodeIgniter\Session\Handlers\FileHandler' driver.
INFO - 2023-11-17 09:38:41 --> Session: Class initialized using 'CodeIgniter\Session\Handlers\FileHandler' driver.
INFO - 2023-11-17 09:39:06 --> Session: Class initialized using 'CodeIgniter\Session\Handlers\FileHandler' driver.
INFO - 2023-11-17 09:39:07 --> Session: Class initialized using 'CodeIgniter\Session\Handlers\FileHandler' driver.
INFO - 2023-11-17 09:39:07 --> Session: Class initialized using 'CodeIgniter\Session\Handlers\FileHandler' driver.
INFO - 2023-11-17 09:39:08 --> Session: Class initialized using 'CodeIgniter\Session\Handlers\FileHandler' driver.
INFO - 2023-11-17 09:39:27 --> Session: Class initialized using 'CodeIgniter\Session\Handlers\FileHandler' driver.
INFO - 2023-11-17 09:39:40 --> Session: Class initialized using 'CodeIgniter\Session\Handlers\FileHandler' driver.
INFO - 2023-11-17 09:39:42 --> Session: Class initialized using 'CodeIgniter\Session\Handlers\FileHandler' driver.
INFO - 2023-11-17 09:45:55 --> Session: Class initialized using 'CodeIgniter\Session\Handlers\FileHandler' driver.
INFO - 2023-11-17 09:45:57 --> Session: Class initialized using 'CodeIgniter\Session\Handlers\FileHandler' driver.
INFO - 2023-11-17 09:46:00 --> Session: Class initialized using 'CodeIgniter\Session\Handlers\FileHandler' driver.
INFO - 2023-11-17 09:46:02 --> Session: Class initialized using 'CodeIgniter\Session\Handlers\FileHandler' driver.
INFO - 2023-11-17 09:46:28 --> Session: Class initialized using 'CodeIgniter\Session\Handlers\FileHandler' driver.
INFO - 2023-11-17 09:49:17 --> Session: Class initialized using 'CodeIgniter\Session\Handlers\FileHandler' driver.
INFO - 2023-11-17 09:49:48 --> Session: Class initialized using 'CodeIgniter\Session\Handlers\FileHandler' driver.
INFO - 2023-11-17 09:51:37 --> Session: Class initialized using 'CodeIgniter\Session\Handlers\FileHandler' driver.
INFO - 2023-11-17 09:51:38 --> Session: Class initialized using 'CodeIgniter\Session\Handlers\FileHandler' driver.
INFO - 2023-11-17 09:51:40 --> Session: Class initialized using 'CodeIgniter\Session\Handlers\FileHandler' driver.
INFO - 2023-11-17 09:52:00 --> Session: Class initialized using 'CodeIgniter\Session\Handlers\FileHandler' driver.
INFO - 2023-11-17 09:52:44 --> Session: Class initialized using 'CodeIgniter\Session\Handlers\FileHandler' driver.
INFO - 2023-11-17 09:59:22 --> Session: Class initialized using 'CodeIgniter\Session\Handlers\FileHandler' driver.
INFO - 2023-11-17 09:59:24 --> Session: Class initialized using 'CodeIgniter\Session\Handlers\FileHandler' driver.
INFO - 2023-11-17 09:59:48 --> Session: Class initialized using 'CodeIgniter\Session\Handlers\FileHandler' driver.
INFO - 2023-11-17 09:59:49 --> Session: Class initialized using 'CodeIgniter\Session\Handlers\FileHandler' driver.
INFO - 2023-11-17 09:59:51 --> Session: Class initialized using 'CodeIgniter\Session\Handlers\FileHandler' driver.
INFO - 2023-11-17 09:59:53 --> Session: Class initialized using 'CodeIgniter\Session\Handlers\FileHandler' driver.
INFO - 2023-11-17 09:59:54 --> Session: Class initialized using 'CodeIgniter\Session\Handlers\FileHandler' driver.
INFO - 2023-11-17 10:00:41 --> Session: Class initialized using 'CodeIgniter\Session\Handlers\FileHandler' driver.
INFO - 2023-11-17 10:01:56 --> Session: Class initialized using 'CodeIgniter\Session\Handlers\FileHandler' driver.
INFO - 2023-11-17 10:01:57 --> Session: Class initialized using 'CodeIgniter\Session\Handlers\FileHandler' driver.
INFO - 2023-11-17 10:01:58 --> Session: Class initialized using 'CodeIgniter\Session\Handlers\FileHandler' driver.
INFO - 2023-11-17 10:01:59 --> Session: Class initialized using 'CodeIgniter\Session\Handlers\FileHandler' driver.
INFO - 2023-11-17 10:01:59 --> Session: Class initialized using 'CodeIgniter\Session\Handlers\FileHandler' driver.
INFO - 2023-11-17 10:02:13 --> Session: Class initialized using 'CodeIgniter\Session\Handlers\FileHandler' driver.
INFO - 2023-11-17 10:02:22 --> CSRF token verified.
INFO - 2023-11-17 10:02:22 --> Session: Class initialized using 'CodeIgniter\Session\Handlers\FileHandler' driver.
INFO - 2023-11-17 10:02:22 --> Session: Class initialized using 'CodeIgniter\Session\Handlers\FileHandler' driver.
INFO - 2023-11-17 10:02:39 --> Session: Class initialized using 'CodeIgniter\Session\Handlers\FileHandler' driver.
INFO - 2023-11-17 10:03:32 --> Session: Class initialized using 'CodeIgniter\Session\Handlers\FileHandler' driver.
INFO - 2023-11-17 10:03:47 --> Session: Class initialized using 'CodeIgniter\Session\Handlers\FileHandler' driver.
INFO - 2023-11-17 10:05:05 --> Session: Class initialized using 'CodeIgniter\Session\Handlers\FileHandler' driver.
INFO - 2023-11-17 10:06:13 --> Session: Class initialized using 'CodeIgniter\Session\Handlers\FileHandler' driver.
INFO - 2023-11-17 10:06:29 --> Session: Class initialized using 'CodeIgniter\Session\Handlers\FileHandler' driver.
INFO - 2023-11-17 10:06:29 --> Session: Class initialized using 'CodeIgniter\Session\Handlers\FileHandler' driver.
INFO - 2023-11-17 10:06:31 --> Session: Class initialized using 'CodeIgniter\Session\Handlers\FileHandler' driver.
INFO - 2023-11-17 10:06:31 --> Session: Class initialized using 'CodeIgniter\Session\Handlers\FileHandler' driver.
INFO - 2023-11-17 10:08:25 --> Session: Class initialized using 'CodeIgniter\Session\Handlers\FileHandler' driver.
INFO - 2023-11-17 10:08:32 --> Session: Class initialized using 'CodeIgniter\Session\Handlers\FileHandler' driver.
INFO - 2023-11-17 10:08:33 --> Session: Class initialized using 'CodeIgniter\Session\Handlers\FileHandler' driver.
INFO - 2023-11-17 10:08:45 --> Session: Class initialized using 'CodeIgniter\Session\Handlers\FileHandler' driver.
INFO - 2023-11-17 10:08:55 --> Session: Class initialized using 'CodeIgniter\Session\Handlers\FileHandler' driver.
INFO - 2023-11-17 10:08:56 --> Session: Class initialized using 'CodeIgniter\Session\Handlers\FileHandler' driver.
