CRITICAL - 2023-11-15 04:07:38 --> Undefined variable $title
in APPPATH\Views\layouts\head.php on line 2.
 1 APPPATH\Views\layouts\head.php(2): CodeIgniter\Debug\Exceptions->errorHandler(2, 'Undefined variable $title', 'C:\\Users\\20030\\OneDrive\\Masaüstü\\mendirek\\app\\Views\\layouts\\head.php', 2)
 2 SYSTEMPATH\View\View.php(228): include('C:\\Users\\20030\\OneDrive\\Masaüstü\\mendirek\\app\\Views\\layouts\\head.php')
 3 SYSTEMPATH\View\View.php(231): CodeIgniter\View\View->CodeIgniter\View\{closure}()
 4 SYSTEMPATH\Common.php(1190): CodeIgniter\View\View->render('/layouts/head', [], true)
 5 APPPATH\Views\iletisim.php(4): view('/layouts/head')
 6 SYSTEMPATH\View\View.php(228): include('C:\\Users\\20030\\OneDrive\\Masaüstü\\mendirek\\app\\Views\\iletisim.php')
 7 SYSTEMPATH\View\View.php(231): CodeIgniter\View\View->CodeIgniter\View\{closure}()
 8 SYSTEMPATH\Common.php(1190): CodeIgniter\View\View->render('iletisim', [], true)
 9 APPPATH\Controllers\Home.php(30): view('iletisim')
10 SYSTEMPATH\CodeIgniter.php(942): App\Controllers\Home->iletisim()
11 SYSTEMPATH\CodeIgniter.php(502): CodeIgniter\CodeIgniter->runController(Object(App\Controllers\Home))
12 SYSTEMPATH\CodeIgniter.php(361): CodeIgniter\CodeIgniter->handleRequest(null, Object(Config\Cache), false)
13 FCPATH\index.php(79): CodeIgniter\CodeIgniter->run()
14 SYSTEMPATH\Commands\Server\rewrite.php(47): require_once('C:\\Users\\20030\\OneDrive\\Masaüstü\\mendirek\\public\\index.php')
CRITICAL - 2023-11-15 04:35:54 --> syntax error, unexpected end of file
in APPPATH\Views\yazarlar.php on line 183.
 1 SYSTEMPATH\View\View.php(231): CodeIgniter\View\View->CodeIgniter\View\{closure}()
 2 SYSTEMPATH\Common.php(1190): CodeIgniter\View\View->render('yazarlar', [], true)
 3 APPPATH\Controllers\Home.php(69): view('yazarlar', [...])
 4 SYSTEMPATH\CodeIgniter.php(942): App\Controllers\Home->yazarlar()
 5 SYSTEMPATH\CodeIgniter.php(502): CodeIgniter\CodeIgniter->runController(Object(App\Controllers\Home))
 6 SYSTEMPATH\CodeIgniter.php(361): CodeIgniter\CodeIgniter->handleRequest(null, Object(Config\Cache), false)
 7 FCPATH\index.php(79): CodeIgniter\CodeIgniter->run()
 8 SYSTEMPATH\Commands\Server\rewrite.php(47): require_once('C:\\Users\\20030\\OneDrive\\Masaüstü\\mendirek\\public\\index.php')
CRITICAL - 2023-11-15 04:36:14 --> Undefined variable $groupedAuthors
in APPPATH\Views\yazarlar.php on line 85.
 1 APPPATH\Views\yazarlar.php(85): CodeIgniter\Debug\Exceptions->errorHandler(2, 'Undefined variable $groupedAuthors', 'C:\\Users\\20030\\OneDrive\\Masaüstü\\mendirek\\app\\Views\\yazarlar.php', 85)
 2 SYSTEMPATH\View\View.php(228): include('C:\\Users\\20030\\OneDrive\\Masaüstü\\mendirek\\app\\Views\\yazarlar.php')
 3 SYSTEMPATH\View\View.php(231): CodeIgniter\View\View->CodeIgniter\View\{closure}()
 4 SYSTEMPATH\Common.php(1190): CodeIgniter\View\View->render('yazarlar', [], true)
 5 APPPATH\Controllers\Home.php(69): view('yazarlar', [...])
 6 SYSTEMPATH\CodeIgniter.php(942): App\Controllers\Home->yazarlar()
 7 SYSTEMPATH\CodeIgniter.php(502): CodeIgniter\CodeIgniter->runController(Object(App\Controllers\Home))
 8 SYSTEMPATH\CodeIgniter.php(361): CodeIgniter\CodeIgniter->handleRequest(null, Object(Config\Cache), false)
 9 FCPATH\index.php(79): CodeIgniter\CodeIgniter->run()
10 SYSTEMPATH\Commands\Server\rewrite.php(47): require_once('C:\\Users\\20030\\OneDrive\\Masaüstü\\mendirek\\public\\index.php')
CRITICAL - 2023-11-15 04:38:59 --> Array to string conversion
in APPPATH\Views\yazarlar.php on line 89.
 1 APPPATH\Views\yazarlar.php(89): CodeIgniter\Debug\Exceptions->errorHandler(2, 'Array to string conversion', 'C:\\Users\\20030\\OneDrive\\Masaüstü\\mendirek\\app\\Views\\yazarlar.php', 89)
 2 SYSTEMPATH\View\View.php(228): include('C:\\Users\\20030\\OneDrive\\Masaüstü\\mendirek\\app\\Views\\yazarlar.php')
 3 SYSTEMPATH\View\View.php(231): CodeIgniter\View\View->CodeIgniter\View\{closure}()
 4 SYSTEMPATH\Common.php(1190): CodeIgniter\View\View->render('yazarlar', [], true)
 5 APPPATH\Controllers\Home.php(69): view('yazarlar', [...])
 6 SYSTEMPATH\CodeIgniter.php(942): App\Controllers\Home->yazarlar()
 7 SYSTEMPATH\CodeIgniter.php(502): CodeIgniter\CodeIgniter->runController(Object(App\Controllers\Home))
 8 SYSTEMPATH\CodeIgniter.php(361): CodeIgniter\CodeIgniter->handleRequest(null, Object(Config\Cache), false)
 9 FCPATH\index.php(79): CodeIgniter\CodeIgniter->run()
10 SYSTEMPATH\Commands\Server\rewrite.php(47): require_once('C:\\Users\\20030\\OneDrive\\Masaüstü\\mendirek\\public\\index.php')
CRITICAL - 2023-11-15 04:52:37 --> Undefined variable $groupedAuthors
in APPPATH\Controllers\Home.php on line 77.
 1 APPPATH\Controllers\Home.php(77): CodeIgniter\Debug\Exceptions->errorHandler(2, 'Undefined variable $groupedAuthors', 'C:\\Users\\20030\\OneDrive\\Masaüstü\\mendirek\\app\\Controllers\\Home.php', 77)
 2 SYSTEMPATH\CodeIgniter.php(942): App\Controllers\Home->yazarlar_grup('A')
 3 SYSTEMPATH\CodeIgniter.php(502): CodeIgniter\CodeIgniter->runController(Object(App\Controllers\Home))
 4 SYSTEMPATH\CodeIgniter.php(361): CodeIgniter\CodeIgniter->handleRequest(null, Object(Config\Cache), false)
 5 FCPATH\index.php(79): CodeIgniter\CodeIgniter->run()
 6 SYSTEMPATH\Commands\Server\rewrite.php(47): require_once('C:\\Users\\20030\\OneDrive\\Masaüstü\\mendirek\\public\\index.php')
CRITICAL - 2023-11-15 04:59:30 --> Attempt to read property "name" on string
in APPPATH\Views\yazarlar.php on line 96.
 1 APPPATH\Views\yazarlar.php(96): CodeIgniter\Debug\Exceptions->errorHandler(2, 'Attempt to read property "name" on string', 'C:\\Users\\20030\\OneDrive\\Masaüstü\\mendirek\\app\\Views\\yazarlar.php', 96)
 2 SYSTEMPATH\View\View.php(228): include('C:\\Users\\20030\\OneDrive\\Masaüstü\\mendirek\\app\\Views\\yazarlar.php')
 3 SYSTEMPATH\View\View.php(231): CodeIgniter\View\View->CodeIgniter\View\{closure}()
 4 SYSTEMPATH\Common.php(1190): CodeIgniter\View\View->render('yazarlar', [], true)
 5 APPPATH\Controllers\Home.php(80): view('yazarlar', [...])
 6 SYSTEMPATH\CodeIgniter.php(942): App\Controllers\Home->yazarlar_grup('A')
 7 SYSTEMPATH\CodeIgniter.php(502): CodeIgniter\CodeIgniter->runController(Object(App\Controllers\Home))
 8 SYSTEMPATH\CodeIgniter.php(361): CodeIgniter\CodeIgniter->handleRequest(null, Object(Config\Cache), false)
 9 FCPATH\index.php(79): CodeIgniter\CodeIgniter->run()
10 SYSTEMPATH\Commands\Server\rewrite.php(47): require_once('C:\\Users\\20030\\OneDrive\\Masaüstü\\mendirek\\public\\index.php')
CRITICAL - 2023-11-15 05:00:23 --> Attempt to read property "name" on string
in APPPATH\Views\yazarlar.php on line 96.
 1 APPPATH\Views\yazarlar.php(96): CodeIgniter\Debug\Exceptions->errorHandler(2, 'Attempt to read property "name" on string', 'C:\\Users\\20030\\OneDrive\\Masaüstü\\mendirek\\app\\Views\\yazarlar.php', 96)
 2 SYSTEMPATH\View\View.php(228): include('C:\\Users\\20030\\OneDrive\\Masaüstü\\mendirek\\app\\Views\\yazarlar.php')
 3 SYSTEMPATH\View\View.php(231): CodeIgniter\View\View->CodeIgniter\View\{closure}()
 4 SYSTEMPATH\Common.php(1190): CodeIgniter\View\View->render('yazarlar', [], true)
 5 APPPATH\Controllers\Home.php(80): view('yazarlar', [...])
 6 SYSTEMPATH\CodeIgniter.php(942): App\Controllers\Home->yazarlar_grup('A')
 7 SYSTEMPATH\CodeIgniter.php(502): CodeIgniter\CodeIgniter->runController(Object(App\Controllers\Home))
 8 SYSTEMPATH\CodeIgniter.php(361): CodeIgniter\CodeIgniter->handleRequest(null, Object(Config\Cache), false)
 9 FCPATH\index.php(79): CodeIgniter\CodeIgniter->run()
10 SYSTEMPATH\Commands\Server\rewrite.php(47): require_once('C:\\Users\\20030\\OneDrive\\Masaüstü\\mendirek\\public\\index.php')
CRITICAL - 2023-11-15 05:00:24 --> Attempt to read property "name" on string
in APPPATH\Views\yazarlar.php on line 96.
 1 APPPATH\Views\yazarlar.php(96): CodeIgniter\Debug\Exceptions->errorHandler(2, 'Attempt to read property "name" on string', 'C:\\Users\\20030\\OneDrive\\Masaüstü\\mendirek\\app\\Views\\yazarlar.php', 96)
 2 SYSTEMPATH\View\View.php(228): include('C:\\Users\\20030\\OneDrive\\Masaüstü\\mendirek\\app\\Views\\yazarlar.php')
 3 SYSTEMPATH\View\View.php(231): CodeIgniter\View\View->CodeIgniter\View\{closure}()
 4 SYSTEMPATH\Common.php(1190): CodeIgniter\View\View->render('yazarlar', [], true)
 5 APPPATH\Controllers\Home.php(80): view('yazarlar', [...])
 6 SYSTEMPATH\CodeIgniter.php(942): App\Controllers\Home->yazarlar_grup('A')
 7 SYSTEMPATH\CodeIgniter.php(502): CodeIgniter\CodeIgniter->runController(Object(App\Controllers\Home))
 8 SYSTEMPATH\CodeIgniter.php(361): CodeIgniter\CodeIgniter->handleRequest(null, Object(Config\Cache), false)
 9 FCPATH\index.php(79): CodeIgniter\CodeIgniter->run()
10 SYSTEMPATH\Commands\Server\rewrite.php(47): require_once('C:\\Users\\20030\\OneDrive\\Masaüstü\\mendirek\\public\\index.php')
CRITICAL - 2023-11-15 05:01:59 --> Attempt to read property "name" on string
in APPPATH\Views\yazarlar.php on line 96.
 1 APPPATH\Views\yazarlar.php(96): CodeIgniter\Debug\Exceptions->errorHandler(2, 'Attempt to read property "name" on string', 'C:\\Users\\20030\\OneDrive\\Masaüstü\\mendirek\\app\\Views\\yazarlar.php', 96)
 2 SYSTEMPATH\View\View.php(228): include('C:\\Users\\20030\\OneDrive\\Masaüstü\\mendirek\\app\\Views\\yazarlar.php')
 3 SYSTEMPATH\View\View.php(231): CodeIgniter\View\View->CodeIgniter\View\{closure}()
 4 SYSTEMPATH\Common.php(1190): CodeIgniter\View\View->render('yazarlar', [], true)
 5 APPPATH\Controllers\Home.php(80): view('yazarlar', [...])
 6 SYSTEMPATH\CodeIgniter.php(942): App\Controllers\Home->yazarlar_grup('A')
 7 SYSTEMPATH\CodeIgniter.php(502): CodeIgniter\CodeIgniter->runController(Object(App\Controllers\Home))
 8 SYSTEMPATH\CodeIgniter.php(361): CodeIgniter\CodeIgniter->handleRequest(null, Object(Config\Cache), false)
 9 FCPATH\index.php(79): CodeIgniter\CodeIgniter->run()
10 SYSTEMPATH\Commands\Server\rewrite.php(47): require_once('C:\\Users\\20030\\OneDrive\\Masaüstü\\mendirek\\public\\index.php')
CRITICAL - 2023-11-15 05:02:37 --> Attempt to read property "name" on string
in APPPATH\Views\yazarlar.php on line 96.
 1 APPPATH\Views\yazarlar.php(96): CodeIgniter\Debug\Exceptions->errorHandler(2, 'Attempt to read property "name" on string', 'C:\\Users\\20030\\OneDrive\\Masaüstü\\mendirek\\app\\Views\\yazarlar.php', 96)
 2 SYSTEMPATH\View\View.php(228): include('C:\\Users\\20030\\OneDrive\\Masaüstü\\mendirek\\app\\Views\\yazarlar.php')
 3 SYSTEMPATH\View\View.php(231): CodeIgniter\View\View->CodeIgniter\View\{closure}()
 4 SYSTEMPATH\Common.php(1190): CodeIgniter\View\View->render('yazarlar', [], true)
 5 APPPATH\Controllers\Home.php(80): view('yazarlar', [...])
 6 SYSTEMPATH\CodeIgniter.php(942): App\Controllers\Home->yazarlar_grup('A')
 7 SYSTEMPATH\CodeIgniter.php(502): CodeIgniter\CodeIgniter->runController(Object(App\Controllers\Home))
 8 SYSTEMPATH\CodeIgniter.php(361): CodeIgniter\CodeIgniter->handleRequest(null, Object(Config\Cache), false)
 9 FCPATH\index.php(79): CodeIgniter\CodeIgniter->run()
10 SYSTEMPATH\Commands\Server\rewrite.php(47): require_once('C:\\Users\\20030\\OneDrive\\Masaüstü\\mendirek\\public\\index.php')
CRITICAL - 2023-11-15 05:02:38 --> Attempt to read property "name" on string
in APPPATH\Views\yazarlar.php on line 96.
 1 APPPATH\Views\yazarlar.php(96): CodeIgniter\Debug\Exceptions->errorHandler(2, 'Attempt to read property "name" on string', 'C:\\Users\\20030\\OneDrive\\Masaüstü\\mendirek\\app\\Views\\yazarlar.php', 96)
 2 SYSTEMPATH\View\View.php(228): include('C:\\Users\\20030\\OneDrive\\Masaüstü\\mendirek\\app\\Views\\yazarlar.php')
 3 SYSTEMPATH\View\View.php(231): CodeIgniter\View\View->CodeIgniter\View\{closure}()
 4 SYSTEMPATH\Common.php(1190): CodeIgniter\View\View->render('yazarlar', [], true)
 5 APPPATH\Controllers\Home.php(80): view('yazarlar', [...])
 6 SYSTEMPATH\CodeIgniter.php(942): App\Controllers\Home->yazarlar_grup('A')
 7 SYSTEMPATH\CodeIgniter.php(502): CodeIgniter\CodeIgniter->runController(Object(App\Controllers\Home))
 8 SYSTEMPATH\CodeIgniter.php(361): CodeIgniter\CodeIgniter->handleRequest(null, Object(Config\Cache), false)
 9 FCPATH\index.php(79): CodeIgniter\CodeIgniter->run()
10 SYSTEMPATH\Commands\Server\rewrite.php(47): require_once('C:\\Users\\20030\\OneDrive\\Masaüstü\\mendirek\\public\\index.php')
CRITICAL - 2023-11-15 05:02:38 --> Attempt to read property "name" on string
in APPPATH\Views\yazarlar.php on line 96.
 1 APPPATH\Views\yazarlar.php(96): CodeIgniter\Debug\Exceptions->errorHandler(2, 'Attempt to read property "name" on string', 'C:\\Users\\20030\\OneDrive\\Masaüstü\\mendirek\\app\\Views\\yazarlar.php', 96)
 2 SYSTEMPATH\View\View.php(228): include('C:\\Users\\20030\\OneDrive\\Masaüstü\\mendirek\\app\\Views\\yazarlar.php')
 3 SYSTEMPATH\View\View.php(231): CodeIgniter\View\View->CodeIgniter\View\{closure}()
 4 SYSTEMPATH\Common.php(1190): CodeIgniter\View\View->render('yazarlar', [], true)
 5 APPPATH\Controllers\Home.php(80): view('yazarlar', [...])
 6 SYSTEMPATH\CodeIgniter.php(942): App\Controllers\Home->yazarlar_grup('A')
 7 SYSTEMPATH\CodeIgniter.php(502): CodeIgniter\CodeIgniter->runController(Object(App\Controllers\Home))
 8 SYSTEMPATH\CodeIgniter.php(361): CodeIgniter\CodeIgniter->handleRequest(null, Object(Config\Cache), false)
 9 FCPATH\index.php(79): CodeIgniter\CodeIgniter->run()
10 SYSTEMPATH\Commands\Server\rewrite.php(47): require_once('C:\\Users\\20030\\OneDrive\\Masaüstü\\mendirek\\public\\index.php')
CRITICAL - 2023-11-15 05:02:39 --> Attempt to read property "name" on string
in APPPATH\Views\yazarlar.php on line 96.
 1 APPPATH\Views\yazarlar.php(96): CodeIgniter\Debug\Exceptions->errorHandler(2, 'Attempt to read property "name" on string', 'C:\\Users\\20030\\OneDrive\\Masaüstü\\mendirek\\app\\Views\\yazarlar.php', 96)
 2 SYSTEMPATH\View\View.php(228): include('C:\\Users\\20030\\OneDrive\\Masaüstü\\mendirek\\app\\Views\\yazarlar.php')
 3 SYSTEMPATH\View\View.php(231): CodeIgniter\View\View->CodeIgniter\View\{closure}()
 4 SYSTEMPATH\Common.php(1190): CodeIgniter\View\View->render('yazarlar', [], true)
 5 APPPATH\Controllers\Home.php(80): view('yazarlar', [...])
 6 SYSTEMPATH\CodeIgniter.php(942): App\Controllers\Home->yazarlar_grup('A')
 7 SYSTEMPATH\CodeIgniter.php(502): CodeIgniter\CodeIgniter->runController(Object(App\Controllers\Home))
 8 SYSTEMPATH\CodeIgniter.php(361): CodeIgniter\CodeIgniter->handleRequest(null, Object(Config\Cache), false)
 9 FCPATH\index.php(79): CodeIgniter\CodeIgniter->run()
10 SYSTEMPATH\Commands\Server\rewrite.php(47): require_once('C:\\Users\\20030\\OneDrive\\Masaüstü\\mendirek\\public\\index.php')
CRITICAL - 2023-11-15 05:02:40 --> Attempt to read property "name" on string
in APPPATH\Views\yazarlar.php on line 96.
 1 APPPATH\Views\yazarlar.php(96): CodeIgniter\Debug\Exceptions->errorHandler(2, 'Attempt to read property "name" on string', 'C:\\Users\\20030\\OneDrive\\Masaüstü\\mendirek\\app\\Views\\yazarlar.php', 96)
 2 SYSTEMPATH\View\View.php(228): include('C:\\Users\\20030\\OneDrive\\Masaüstü\\mendirek\\app\\Views\\yazarlar.php')
 3 SYSTEMPATH\View\View.php(231): CodeIgniter\View\View->CodeIgniter\View\{closure}()
 4 SYSTEMPATH\Common.php(1190): CodeIgniter\View\View->render('yazarlar', [], true)
 5 APPPATH\Controllers\Home.php(80): view('yazarlar', [...])
 6 SYSTEMPATH\CodeIgniter.php(942): App\Controllers\Home->yazarlar_grup('A')
 7 SYSTEMPATH\CodeIgniter.php(502): CodeIgniter\CodeIgniter->runController(Object(App\Controllers\Home))
 8 SYSTEMPATH\CodeIgniter.php(361): CodeIgniter\CodeIgniter->handleRequest(null, Object(Config\Cache), false)
 9 FCPATH\index.php(79): CodeIgniter\CodeIgniter->run()
10 SYSTEMPATH\Commands\Server\rewrite.php(47): require_once('C:\\Users\\20030\\OneDrive\\Masaüstü\\mendirek\\public\\index.php')
CRITICAL - 2023-11-15 05:02:40 --> Attempt to read property "name" on string
in APPPATH\Views\yazarlar.php on line 96.
 1 APPPATH\Views\yazarlar.php(96): CodeIgniter\Debug\Exceptions->errorHandler(2, 'Attempt to read property "name" on string', 'C:\\Users\\20030\\OneDrive\\Masaüstü\\mendirek\\app\\Views\\yazarlar.php', 96)
 2 SYSTEMPATH\View\View.php(228): include('C:\\Users\\20030\\OneDrive\\Masaüstü\\mendirek\\app\\Views\\yazarlar.php')
 3 SYSTEMPATH\View\View.php(231): CodeIgniter\View\View->CodeIgniter\View\{closure}()
 4 SYSTEMPATH\Common.php(1190): CodeIgniter\View\View->render('yazarlar', [], true)
 5 APPPATH\Controllers\Home.php(80): view('yazarlar', [...])
 6 SYSTEMPATH\CodeIgniter.php(942): App\Controllers\Home->yazarlar_grup('A')
 7 SYSTEMPATH\CodeIgniter.php(502): CodeIgniter\CodeIgniter->runController(Object(App\Controllers\Home))
 8 SYSTEMPATH\CodeIgniter.php(361): CodeIgniter\CodeIgniter->handleRequest(null, Object(Config\Cache), false)
 9 FCPATH\index.php(79): CodeIgniter\CodeIgniter->run()
10 SYSTEMPATH\Commands\Server\rewrite.php(47): require_once('C:\\Users\\20030\\OneDrive\\Masaüstü\\mendirek\\public\\index.php')
CRITICAL - 2023-11-15 05:02:40 --> Attempt to read property "name" on string
in APPPATH\Views\yazarlar.php on line 96.
 1 APPPATH\Views\yazarlar.php(96): CodeIgniter\Debug\Exceptions->errorHandler(2, 'Attempt to read property "name" on string', 'C:\\Users\\20030\\OneDrive\\Masaüstü\\mendirek\\app\\Views\\yazarlar.php', 96)
 2 SYSTEMPATH\View\View.php(228): include('C:\\Users\\20030\\OneDrive\\Masaüstü\\mendirek\\app\\Views\\yazarlar.php')
 3 SYSTEMPATH\View\View.php(231): CodeIgniter\View\View->CodeIgniter\View\{closure}()
 4 SYSTEMPATH\Common.php(1190): CodeIgniter\View\View->render('yazarlar', [], true)
 5 APPPATH\Controllers\Home.php(80): view('yazarlar', [...])
 6 SYSTEMPATH\CodeIgniter.php(942): App\Controllers\Home->yazarlar_grup('A')
 7 SYSTEMPATH\CodeIgniter.php(502): CodeIgniter\CodeIgniter->runController(Object(App\Controllers\Home))
 8 SYSTEMPATH\CodeIgniter.php(361): CodeIgniter\CodeIgniter->handleRequest(null, Object(Config\Cache), false)
 9 FCPATH\index.php(79): CodeIgniter\CodeIgniter->run()
10 SYSTEMPATH\Commands\Server\rewrite.php(47): require_once('C:\\Users\\20030\\OneDrive\\Masaüstü\\mendirek\\public\\index.php')
CRITICAL - 2023-11-15 05:09:08 --> syntax error, unexpected end of file, expecting "elseif" or "else" or "endif"
in APPPATH\Views\yazarlar_grup.php on line 151.
 1 SYSTEMPATH\View\View.php(231): CodeIgniter\View\View->CodeIgniter\View\{closure}()
 2 SYSTEMPATH\Common.php(1190): CodeIgniter\View\View->render('yazarlar_grup', [], true)
 3 APPPATH\Controllers\Home.php(80): view('yazarlar_grup', [...])
 4 SYSTEMPATH\CodeIgniter.php(942): App\Controllers\Home->yazarlar_grup('Ü')
 5 SYSTEMPATH\CodeIgniter.php(502): CodeIgniter\CodeIgniter->runController(Object(App\Controllers\Home))
 6 SYSTEMPATH\CodeIgniter.php(361): CodeIgniter\CodeIgniter->handleRequest(null, Object(Config\Cache), false)
 7 FCPATH\index.php(79): CodeIgniter\CodeIgniter->run()
 8 SYSTEMPATH\Commands\Server\rewrite.php(47): require_once('C:\\Users\\20030\\OneDrive\\Masaüstü\\mendirek\\public\\index.php')
CRITICAL - 2023-11-15 05:09:11 --> syntax error, unexpected end of file, expecting "elseif" or "else" or "endif"
in APPPATH\Views\yazarlar_grup.php on line 151.
 1 SYSTEMPATH\View\View.php(231): CodeIgniter\View\View->CodeIgniter\View\{closure}()
 2 SYSTEMPATH\Common.php(1190): CodeIgniter\View\View->render('yazarlar_grup', [], true)
 3 APPPATH\Controllers\Home.php(80): view('yazarlar_grup', [...])
 4 SYSTEMPATH\CodeIgniter.php(942): App\Controllers\Home->yazarlar_grup('Ü')
 5 SYSTEMPATH\CodeIgniter.php(502): CodeIgniter\CodeIgniter->runController(Object(App\Controllers\Home))
 6 SYSTEMPATH\CodeIgniter.php(361): CodeIgniter\CodeIgniter->handleRequest(null, Object(Config\Cache), false)
 7 FCPATH\index.php(79): CodeIgniter\CodeIgniter->run()
 8 SYSTEMPATH\Commands\Server\rewrite.php(47): require_once('C:\\Users\\20030\\OneDrive\\Masaüstü\\mendirek\\public\\index.php')
CRITICAL - 2023-11-15 05:20:04 --> CodeIgniter\Database\MySQLi\Connection::_escapeString(): Argument #1 ($str) must be of type string, null given, called in C:\Users\20030\OneDrive\Masaüstü\mendirek\system\Database\BaseConnection.php on line 1297
in SYSTEMPATH\Database\MySQLi\Connection.php on line 343.
 1 SYSTEMPATH\Database\BaseConnection.php(1297): CodeIgniter\Database\MySQLi\Connection->_escapeString(null)
 2 APPPATH\Controllers\Home.php(86): CodeIgniter\Database\BaseConnection->escapeString(null)
 3 SYSTEMPATH\CodeIgniter.php(942): App\Controllers\Home->yazarlar_ara()
 4 SYSTEMPATH\CodeIgniter.php(502): CodeIgniter\CodeIgniter->runController(Object(App\Controllers\Home))
 5 SYSTEMPATH\CodeIgniter.php(361): CodeIgniter\CodeIgniter->handleRequest(null, Object(Config\Cache), false)
 6 FCPATH\index.php(79): CodeIgniter\CodeIgniter->run()
 7 SYSTEMPATH\Commands\Server\rewrite.php(47): require_once('C:\\Users\\20030\\OneDrive\\Masaüstü\\mendirek\\public\\index.php')
