CRITICAL - 2023-11-14 12:59:35 --> Undefined variable $data
in APPPATH\Views\home.php on line 1342.
 1 APPPATH\Views\home.php(1342): CodeIgniter\Debug\Exceptions->errorHandler(2, 'Undefined variable $data', 'C:\\Users\\20030\\OneDrive\\Masaüstü\\mendirek\\app\\Views\\home.php', 1342)
 2 SYSTEMPATH\View\View.php(228): include('C:\\Users\\20030\\OneDrive\\Masaüstü\\mendirek\\app\\Views\\home.php')
 3 SYSTEMPATH\View\View.php(231): CodeIgniter\View\View->CodeIgniter\View\{closure}()
 4 SYSTEMPATH\Common.php(1190): CodeIgniter\View\View->render('home', [], true)
 5 APPPATH\Controllers\Home.php(42): view('home', [...])
 6 SYSTEMPATH\CodeIgniter.php(942): App\Controllers\Home->index()
 7 SYSTEMPATH\CodeIgniter.php(502): CodeIgniter\CodeIgniter->runController(Object(App\Controllers\Home))
 8 SYSTEMPATH\CodeIgniter.php(361): CodeIgniter\CodeIgniter->handleRequest(null, Object(Config\Cache), false)
 9 FCPATH\index.php(79): CodeIgniter\CodeIgniter->run()
10 SYSTEMPATH\Commands\Server\rewrite.php(47): require_once('C:\\Users\\20030\\OneDrive\\Masaüstü\\mendirek\\public\\index.php')
CRITICAL - 2023-11-14 12:59:44 --> Undefined variable $data
in APPPATH\Views\home.php on line 1342.
 1 APPPATH\Views\home.php(1342): CodeIgniter\Debug\Exceptions->errorHandler(2, 'Undefined variable $data', 'C:\\Users\\20030\\OneDrive\\Masaüstü\\mendirek\\app\\Views\\home.php', 1342)
 2 SYSTEMPATH\View\View.php(228): include('C:\\Users\\20030\\OneDrive\\Masaüstü\\mendirek\\app\\Views\\home.php')
 3 SYSTEMPATH\View\View.php(231): CodeIgniter\View\View->CodeIgniter\View\{closure}()
 4 SYSTEMPATH\Common.php(1190): CodeIgniter\View\View->render('home', [], true)
 5 APPPATH\Controllers\Home.php(42): view('home', [...])
 6 SYSTEMPATH\CodeIgniter.php(942): App\Controllers\Home->index()
 7 SYSTEMPATH\CodeIgniter.php(502): CodeIgniter\CodeIgniter->runController(Object(App\Controllers\Home))
 8 SYSTEMPATH\CodeIgniter.php(361): CodeIgniter\CodeIgniter->handleRequest(null, Object(Config\Cache), false)
 9 FCPATH\index.php(79): CodeIgniter\CodeIgniter->run()
10 SYSTEMPATH\Commands\Server\rewrite.php(47): require_once('C:\\Users\\20030\\OneDrive\\Masaüstü\\mendirek\\public\\index.php')
CRITICAL - 2023-11-14 12:59:45 --> Undefined variable $data
in APPPATH\Views\home.php on line 1342.
 1 APPPATH\Views\home.php(1342): CodeIgniter\Debug\Exceptions->errorHandler(2, 'Undefined variable $data', 'C:\\Users\\20030\\OneDrive\\Masaüstü\\mendirek\\app\\Views\\home.php', 1342)
 2 SYSTEMPATH\View\View.php(228): include('C:\\Users\\20030\\OneDrive\\Masaüstü\\mendirek\\app\\Views\\home.php')
 3 SYSTEMPATH\View\View.php(231): CodeIgniter\View\View->CodeIgniter\View\{closure}()
 4 SYSTEMPATH\Common.php(1190): CodeIgniter\View\View->render('home', [], true)
 5 APPPATH\Controllers\Home.php(42): view('home', [...])
 6 SYSTEMPATH\CodeIgniter.php(942): App\Controllers\Home->index()
 7 SYSTEMPATH\CodeIgniter.php(502): CodeIgniter\CodeIgniter->runController(Object(App\Controllers\Home))
 8 SYSTEMPATH\CodeIgniter.php(361): CodeIgniter\CodeIgniter->handleRequest(null, Object(Config\Cache), false)
 9 FCPATH\index.php(79): CodeIgniter\CodeIgniter->run()
10 SYSTEMPATH\Commands\Server\rewrite.php(47): require_once('C:\\Users\\20030\\OneDrive\\Masaüstü\\mendirek\\public\\index.php')
CRITICAL - 2023-11-14 12:59:45 --> Undefined variable $data
in APPPATH\Views\home.php on line 1342.
 1 APPPATH\Views\home.php(1342): CodeIgniter\Debug\Exceptions->errorHandler(2, 'Undefined variable $data', 'C:\\Users\\20030\\OneDrive\\Masaüstü\\mendirek\\app\\Views\\home.php', 1342)
 2 SYSTEMPATH\View\View.php(228): include('C:\\Users\\20030\\OneDrive\\Masaüstü\\mendirek\\app\\Views\\home.php')
 3 SYSTEMPATH\View\View.php(231): CodeIgniter\View\View->CodeIgniter\View\{closure}()
 4 SYSTEMPATH\Common.php(1190): CodeIgniter\View\View->render('home', [], true)
 5 APPPATH\Controllers\Home.php(42): view('home', [...])
 6 SYSTEMPATH\CodeIgniter.php(942): App\Controllers\Home->index()
 7 SYSTEMPATH\CodeIgniter.php(502): CodeIgniter\CodeIgniter->runController(Object(App\Controllers\Home))
 8 SYSTEMPATH\CodeIgniter.php(361): CodeIgniter\CodeIgniter->handleRequest(null, Object(Config\Cache), false)
 9 FCPATH\index.php(79): CodeIgniter\CodeIgniter->run()
10 SYSTEMPATH\Commands\Server\rewrite.php(47): require_once('C:\\Users\\20030\\OneDrive\\Masaüstü\\mendirek\\public\\index.php')
CRITICAL - 2023-11-14 12:59:57 --> Undefined variable $data
in APPPATH\Views\home.php on line 1342.
 1 APPPATH\Views\home.php(1342): CodeIgniter\Debug\Exceptions->errorHandler(2, 'Undefined variable $data', 'C:\\Users\\20030\\OneDrive\\Masaüstü\\mendirek\\app\\Views\\home.php', 1342)
 2 SYSTEMPATH\View\View.php(228): include('C:\\Users\\20030\\OneDrive\\Masaüstü\\mendirek\\app\\Views\\home.php')
 3 SYSTEMPATH\View\View.php(231): CodeIgniter\View\View->CodeIgniter\View\{closure}()
 4 SYSTEMPATH\Common.php(1190): CodeIgniter\View\View->render('home', [], true)
 5 APPPATH\Controllers\Home.php(42): view('home', [...])
 6 SYSTEMPATH\CodeIgniter.php(942): App\Controllers\Home->index()
 7 SYSTEMPATH\CodeIgniter.php(502): CodeIgniter\CodeIgniter->runController(Object(App\Controllers\Home))
 8 SYSTEMPATH\CodeIgniter.php(361): CodeIgniter\CodeIgniter->handleRequest(null, Object(Config\Cache), false)
 9 FCPATH\index.php(79): CodeIgniter\CodeIgniter->run()
10 SYSTEMPATH\Commands\Server\rewrite.php(47): require_once('C:\\Users\\20030\\OneDrive\\Masaüstü\\mendirek\\public\\index.php')
CRITICAL - 2023-11-14 12:59:57 --> Undefined variable $data
in APPPATH\Views\home.php on line 1342.
 1 APPPATH\Views\home.php(1342): CodeIgniter\Debug\Exceptions->errorHandler(2, 'Undefined variable $data', 'C:\\Users\\20030\\OneDrive\\Masaüstü\\mendirek\\app\\Views\\home.php', 1342)
 2 SYSTEMPATH\View\View.php(228): include('C:\\Users\\20030\\OneDrive\\Masaüstü\\mendirek\\app\\Views\\home.php')
 3 SYSTEMPATH\View\View.php(231): CodeIgniter\View\View->CodeIgniter\View\{closure}()
 4 SYSTEMPATH\Common.php(1190): CodeIgniter\View\View->render('home', [], true)
 5 APPPATH\Controllers\Home.php(42): view('home', [...])
 6 SYSTEMPATH\CodeIgniter.php(942): App\Controllers\Home->index()
 7 SYSTEMPATH\CodeIgniter.php(502): CodeIgniter\CodeIgniter->runController(Object(App\Controllers\Home))
 8 SYSTEMPATH\CodeIgniter.php(361): CodeIgniter\CodeIgniter->handleRequest(null, Object(Config\Cache), false)
 9 FCPATH\index.php(79): CodeIgniter\CodeIgniter->run()
10 SYSTEMPATH\Commands\Server\rewrite.php(47): require_once('C:\\Users\\20030\\OneDrive\\Masaüstü\\mendirek\\public\\index.php')
CRITICAL - 2023-11-14 12:59:58 --> Undefined variable $data
in APPPATH\Views\home.php on line 1342.
 1 APPPATH\Views\home.php(1342): CodeIgniter\Debug\Exceptions->errorHandler(2, 'Undefined variable $data', 'C:\\Users\\20030\\OneDrive\\Masaüstü\\mendirek\\app\\Views\\home.php', 1342)
 2 SYSTEMPATH\View\View.php(228): include('C:\\Users\\20030\\OneDrive\\Masaüstü\\mendirek\\app\\Views\\home.php')
 3 SYSTEMPATH\View\View.php(231): CodeIgniter\View\View->CodeIgniter\View\{closure}()
 4 SYSTEMPATH\Common.php(1190): CodeIgniter\View\View->render('home', [], true)
 5 APPPATH\Controllers\Home.php(42): view('home', [...])
 6 SYSTEMPATH\CodeIgniter.php(942): App\Controllers\Home->index()
 7 SYSTEMPATH\CodeIgniter.php(502): CodeIgniter\CodeIgniter->runController(Object(App\Controllers\Home))
 8 SYSTEMPATH\CodeIgniter.php(361): CodeIgniter\CodeIgniter->handleRequest(null, Object(Config\Cache), false)
 9 FCPATH\index.php(79): CodeIgniter\CodeIgniter->run()
10 SYSTEMPATH\Commands\Server\rewrite.php(47): require_once('C:\\Users\\20030\\OneDrive\\Masaüstü\\mendirek\\public\\index.php')
CRITICAL - 2023-11-14 12:59:58 --> Undefined variable $data
in APPPATH\Views\home.php on line 1342.
 1 APPPATH\Views\home.php(1342): CodeIgniter\Debug\Exceptions->errorHandler(2, 'Undefined variable $data', 'C:\\Users\\20030\\OneDrive\\Masaüstü\\mendirek\\app\\Views\\home.php', 1342)
 2 SYSTEMPATH\View\View.php(228): include('C:\\Users\\20030\\OneDrive\\Masaüstü\\mendirek\\app\\Views\\home.php')
 3 SYSTEMPATH\View\View.php(231): CodeIgniter\View\View->CodeIgniter\View\{closure}()
 4 SYSTEMPATH\Common.php(1190): CodeIgniter\View\View->render('home', [], true)
 5 APPPATH\Controllers\Home.php(42): view('home', [...])
 6 SYSTEMPATH\CodeIgniter.php(942): App\Controllers\Home->index()
 7 SYSTEMPATH\CodeIgniter.php(502): CodeIgniter\CodeIgniter->runController(Object(App\Controllers\Home))
 8 SYSTEMPATH\CodeIgniter.php(361): CodeIgniter\CodeIgniter->handleRequest(null, Object(Config\Cache), false)
 9 FCPATH\index.php(79): CodeIgniter\CodeIgniter->run()
10 SYSTEMPATH\Commands\Server\rewrite.php(47): require_once('C:\\Users\\20030\\OneDrive\\Masaüstü\\mendirek\\public\\index.php')
CRITICAL - 2023-11-14 13:00:06 --> Undefined variable $data
in APPPATH\Views\home.php on line 1342.
 1 APPPATH\Views\home.php(1342): CodeIgniter\Debug\Exceptions->errorHandler(2, 'Undefined variable $data', 'C:\\Users\\20030\\OneDrive\\Masaüstü\\mendirek\\app\\Views\\home.php', 1342)
 2 SYSTEMPATH\View\View.php(228): include('C:\\Users\\20030\\OneDrive\\Masaüstü\\mendirek\\app\\Views\\home.php')
 3 SYSTEMPATH\View\View.php(231): CodeIgniter\View\View->CodeIgniter\View\{closure}()
 4 SYSTEMPATH\Common.php(1190): CodeIgniter\View\View->render('home', [], true)
 5 APPPATH\Controllers\Home.php(42): view('home', [...])
 6 SYSTEMPATH\CodeIgniter.php(942): App\Controllers\Home->index()
 7 SYSTEMPATH\CodeIgniter.php(502): CodeIgniter\CodeIgniter->runController(Object(App\Controllers\Home))
 8 SYSTEMPATH\CodeIgniter.php(361): CodeIgniter\CodeIgniter->handleRequest(null, Object(Config\Cache), false)
 9 FCPATH\index.php(79): CodeIgniter\CodeIgniter->run()
10 SYSTEMPATH\Commands\Server\rewrite.php(47): require_once('C:\\Users\\20030\\OneDrive\\Masaüstü\\mendirek\\public\\index.php')
CRITICAL - 2023-11-14 13:00:06 --> Undefined variable $data
in APPPATH\Views\home.php on line 1342.
 1 APPPATH\Views\home.php(1342): CodeIgniter\Debug\Exceptions->errorHandler(2, 'Undefined variable $data', 'C:\\Users\\20030\\OneDrive\\Masaüstü\\mendirek\\app\\Views\\home.php', 1342)
 2 SYSTEMPATH\View\View.php(228): include('C:\\Users\\20030\\OneDrive\\Masaüstü\\mendirek\\app\\Views\\home.php')
 3 SYSTEMPATH\View\View.php(231): CodeIgniter\View\View->CodeIgniter\View\{closure}()
 4 SYSTEMPATH\Common.php(1190): CodeIgniter\View\View->render('home', [], true)
 5 APPPATH\Controllers\Home.php(42): view('home', [...])
 6 SYSTEMPATH\CodeIgniter.php(942): App\Controllers\Home->index()
 7 SYSTEMPATH\CodeIgniter.php(502): CodeIgniter\CodeIgniter->runController(Object(App\Controllers\Home))
 8 SYSTEMPATH\CodeIgniter.php(361): CodeIgniter\CodeIgniter->handleRequest(null, Object(Config\Cache), false)
 9 FCPATH\index.php(79): CodeIgniter\CodeIgniter->run()
10 SYSTEMPATH\Commands\Server\rewrite.php(47): require_once('C:\\Users\\20030\\OneDrive\\Masaüstü\\mendirek\\public\\index.php')
CRITICAL - 2023-11-14 13:00:07 --> Undefined variable $data
in APPPATH\Views\home.php on line 1342.
 1 APPPATH\Views\home.php(1342): CodeIgniter\Debug\Exceptions->errorHandler(2, 'Undefined variable $data', 'C:\\Users\\20030\\OneDrive\\Masaüstü\\mendirek\\app\\Views\\home.php', 1342)
 2 SYSTEMPATH\View\View.php(228): include('C:\\Users\\20030\\OneDrive\\Masaüstü\\mendirek\\app\\Views\\home.php')
 3 SYSTEMPATH\View\View.php(231): CodeIgniter\View\View->CodeIgniter\View\{closure}()
 4 SYSTEMPATH\Common.php(1190): CodeIgniter\View\View->render('home', [], true)
 5 APPPATH\Controllers\Home.php(42): view('home', [...])
 6 SYSTEMPATH\CodeIgniter.php(942): App\Controllers\Home->index()
 7 SYSTEMPATH\CodeIgniter.php(502): CodeIgniter\CodeIgniter->runController(Object(App\Controllers\Home))
 8 SYSTEMPATH\CodeIgniter.php(361): CodeIgniter\CodeIgniter->handleRequest(null, Object(Config\Cache), false)
 9 FCPATH\index.php(79): CodeIgniter\CodeIgniter->run()
10 SYSTEMPATH\Commands\Server\rewrite.php(47): require_once('C:\\Users\\20030\\OneDrive\\Masaüstü\\mendirek\\public\\index.php')
CRITICAL - 2023-11-14 13:01:08 --> Undefined variable $data
in APPPATH\Views\home.php on line 1342.
 1 APPPATH\Views\home.php(1342): CodeIgniter\Debug\Exceptions->errorHandler(2, 'Undefined variable $data', 'C:\\Users\\20030\\OneDrive\\Masaüstü\\mendirek\\app\\Views\\home.php', 1342)
 2 SYSTEMPATH\View\View.php(228): include('C:\\Users\\20030\\OneDrive\\Masaüstü\\mendirek\\app\\Views\\home.php')
 3 SYSTEMPATH\View\View.php(231): CodeIgniter\View\View->CodeIgniter\View\{closure}()
 4 SYSTEMPATH\Common.php(1190): CodeIgniter\View\View->render('home', [], true)
 5 APPPATH\Controllers\Home.php(42): view('home', [...])
 6 SYSTEMPATH\CodeIgniter.php(942): App\Controllers\Home->index()
 7 SYSTEMPATH\CodeIgniter.php(502): CodeIgniter\CodeIgniter->runController(Object(App\Controllers\Home))
 8 SYSTEMPATH\CodeIgniter.php(361): CodeIgniter\CodeIgniter->handleRequest(null, Object(Config\Cache), false)
 9 FCPATH\index.php(79): CodeIgniter\CodeIgniter->run()
10 SYSTEMPATH\Commands\Server\rewrite.php(47): require_once('C:\\Users\\20030\\OneDrive\\Masaüstü\\mendirek\\public\\index.php')
CRITICAL - 2023-11-14 13:01:08 --> Undefined variable $data
in APPPATH\Views\home.php on line 1342.
 1 APPPATH\Views\home.php(1342): CodeIgniter\Debug\Exceptions->errorHandler(2, 'Undefined variable $data', 'C:\\Users\\20030\\OneDrive\\Masaüstü\\mendirek\\app\\Views\\home.php', 1342)
 2 SYSTEMPATH\View\View.php(228): include('C:\\Users\\20030\\OneDrive\\Masaüstü\\mendirek\\app\\Views\\home.php')
 3 SYSTEMPATH\View\View.php(231): CodeIgniter\View\View->CodeIgniter\View\{closure}()
 4 SYSTEMPATH\Common.php(1190): CodeIgniter\View\View->render('home', [], true)
 5 APPPATH\Controllers\Home.php(42): view('home', [...])
 6 SYSTEMPATH\CodeIgniter.php(942): App\Controllers\Home->index()
 7 SYSTEMPATH\CodeIgniter.php(502): CodeIgniter\CodeIgniter->runController(Object(App\Controllers\Home))
 8 SYSTEMPATH\CodeIgniter.php(361): CodeIgniter\CodeIgniter->handleRequest(null, Object(Config\Cache), false)
 9 FCPATH\index.php(79): CodeIgniter\CodeIgniter->run()
10 SYSTEMPATH\Commands\Server\rewrite.php(47): require_once('C:\\Users\\20030\\OneDrive\\Masaüstü\\mendirek\\public\\index.php')
CRITICAL - 2023-11-14 13:01:09 --> Undefined variable $data
in APPPATH\Views\home.php on line 1342.
 1 APPPATH\Views\home.php(1342): CodeIgniter\Debug\Exceptions->errorHandler(2, 'Undefined variable $data', 'C:\\Users\\20030\\OneDrive\\Masaüstü\\mendirek\\app\\Views\\home.php', 1342)
 2 SYSTEMPATH\View\View.php(228): include('C:\\Users\\20030\\OneDrive\\Masaüstü\\mendirek\\app\\Views\\home.php')
 3 SYSTEMPATH\View\View.php(231): CodeIgniter\View\View->CodeIgniter\View\{closure}()
 4 SYSTEMPATH\Common.php(1190): CodeIgniter\View\View->render('home', [], true)
 5 APPPATH\Controllers\Home.php(42): view('home', [...])
 6 SYSTEMPATH\CodeIgniter.php(942): App\Controllers\Home->index()
 7 SYSTEMPATH\CodeIgniter.php(502): CodeIgniter\CodeIgniter->runController(Object(App\Controllers\Home))
 8 SYSTEMPATH\CodeIgniter.php(361): CodeIgniter\CodeIgniter->handleRequest(null, Object(Config\Cache), false)
 9 FCPATH\index.php(79): CodeIgniter\CodeIgniter->run()
10 SYSTEMPATH\Commands\Server\rewrite.php(47): require_once('C:\\Users\\20030\\OneDrive\\Masaüstü\\mendirek\\public\\index.php')
CRITICAL - 2023-11-14 13:02:55 --> Undefined variable $data
in APPPATH\Views\home.php on line 1342.
 1 APPPATH\Views\home.php(1342): CodeIgniter\Debug\Exceptions->errorHandler(2, 'Undefined variable $data', 'C:\\Users\\20030\\OneDrive\\Masaüstü\\mendirek\\app\\Views\\home.php', 1342)
 2 SYSTEMPATH\View\View.php(228): include('C:\\Users\\20030\\OneDrive\\Masaüstü\\mendirek\\app\\Views\\home.php')
 3 SYSTEMPATH\View\View.php(231): CodeIgniter\View\View->CodeIgniter\View\{closure}()
 4 SYSTEMPATH\Common.php(1190): CodeIgniter\View\View->render('home', [], true)
 5 APPPATH\Controllers\Home.php(42): view('home', [...])
 6 SYSTEMPATH\CodeIgniter.php(942): App\Controllers\Home->index()
 7 SYSTEMPATH\CodeIgniter.php(502): CodeIgniter\CodeIgniter->runController(Object(App\Controllers\Home))
 8 SYSTEMPATH\CodeIgniter.php(361): CodeIgniter\CodeIgniter->handleRequest(null, Object(Config\Cache), false)
 9 FCPATH\index.php(79): CodeIgniter\CodeIgniter->run()
10 SYSTEMPATH\Commands\Server\rewrite.php(47): require_once('C:\\Users\\20030\\OneDrive\\Masaüstü\\mendirek\\public\\index.php')
CRITICAL - 2023-11-14 13:02:55 --> Undefined variable $data
in APPPATH\Views\home.php on line 1342.
 1 APPPATH\Views\home.php(1342): CodeIgniter\Debug\Exceptions->errorHandler(2, 'Undefined variable $data', 'C:\\Users\\20030\\OneDrive\\Masaüstü\\mendirek\\app\\Views\\home.php', 1342)
 2 SYSTEMPATH\View\View.php(228): include('C:\\Users\\20030\\OneDrive\\Masaüstü\\mendirek\\app\\Views\\home.php')
 3 SYSTEMPATH\View\View.php(231): CodeIgniter\View\View->CodeIgniter\View\{closure}()
 4 SYSTEMPATH\Common.php(1190): CodeIgniter\View\View->render('home', [], true)
 5 APPPATH\Controllers\Home.php(42): view('home', [...])
 6 SYSTEMPATH\CodeIgniter.php(942): App\Controllers\Home->index()
 7 SYSTEMPATH\CodeIgniter.php(502): CodeIgniter\CodeIgniter->runController(Object(App\Controllers\Home))
 8 SYSTEMPATH\CodeIgniter.php(361): CodeIgniter\CodeIgniter->handleRequest(null, Object(Config\Cache), false)
 9 FCPATH\index.php(79): CodeIgniter\CodeIgniter->run()
10 SYSTEMPATH\Commands\Server\rewrite.php(47): require_once('C:\\Users\\20030\\OneDrive\\Masaüstü\\mendirek\\public\\index.php')
CRITICAL - 2023-11-14 13:02:56 --> Undefined variable $data
in APPPATH\Views\home.php on line 1342.
 1 APPPATH\Views\home.php(1342): CodeIgniter\Debug\Exceptions->errorHandler(2, 'Undefined variable $data', 'C:\\Users\\20030\\OneDrive\\Masaüstü\\mendirek\\app\\Views\\home.php', 1342)
 2 SYSTEMPATH\View\View.php(228): include('C:\\Users\\20030\\OneDrive\\Masaüstü\\mendirek\\app\\Views\\home.php')
 3 SYSTEMPATH\View\View.php(231): CodeIgniter\View\View->CodeIgniter\View\{closure}()
 4 SYSTEMPATH\Common.php(1190): CodeIgniter\View\View->render('home', [], true)
 5 APPPATH\Controllers\Home.php(42): view('home', [...])
 6 SYSTEMPATH\CodeIgniter.php(942): App\Controllers\Home->index()
 7 SYSTEMPATH\CodeIgniter.php(502): CodeIgniter\CodeIgniter->runController(Object(App\Controllers\Home))
 8 SYSTEMPATH\CodeIgniter.php(361): CodeIgniter\CodeIgniter->handleRequest(null, Object(Config\Cache), false)
 9 FCPATH\index.php(79): CodeIgniter\CodeIgniter->run()
10 SYSTEMPATH\Commands\Server\rewrite.php(47): require_once('C:\\Users\\20030\\OneDrive\\Masaüstü\\mendirek\\public\\index.php')
CRITICAL - 2023-11-14 13:02:56 --> Undefined variable $data
in APPPATH\Views\home.php on line 1342.
 1 APPPATH\Views\home.php(1342): CodeIgniter\Debug\Exceptions->errorHandler(2, 'Undefined variable $data', 'C:\\Users\\20030\\OneDrive\\Masaüstü\\mendirek\\app\\Views\\home.php', 1342)
 2 SYSTEMPATH\View\View.php(228): include('C:\\Users\\20030\\OneDrive\\Masaüstü\\mendirek\\app\\Views\\home.php')
 3 SYSTEMPATH\View\View.php(231): CodeIgniter\View\View->CodeIgniter\View\{closure}()
 4 SYSTEMPATH\Common.php(1190): CodeIgniter\View\View->render('home', [], true)
 5 APPPATH\Controllers\Home.php(42): view('home', [...])
 6 SYSTEMPATH\CodeIgniter.php(942): App\Controllers\Home->index()
 7 SYSTEMPATH\CodeIgniter.php(502): CodeIgniter\CodeIgniter->runController(Object(App\Controllers\Home))
 8 SYSTEMPATH\CodeIgniter.php(361): CodeIgniter\CodeIgniter->handleRequest(null, Object(Config\Cache), false)
 9 FCPATH\index.php(79): CodeIgniter\CodeIgniter->run()
10 SYSTEMPATH\Commands\Server\rewrite.php(47): require_once('C:\\Users\\20030\\OneDrive\\Masaüstü\\mendirek\\public\\index.php')
CRITICAL - 2023-11-14 13:03:06 --> Undefined variable $data
in APPPATH\Views\home.php on line 1342.
 1 APPPATH\Views\home.php(1342): CodeIgniter\Debug\Exceptions->errorHandler(2, 'Undefined variable $data', 'C:\\Users\\20030\\OneDrive\\Masaüstü\\mendirek\\app\\Views\\home.php', 1342)
 2 SYSTEMPATH\View\View.php(228): include('C:\\Users\\20030\\OneDrive\\Masaüstü\\mendirek\\app\\Views\\home.php')
 3 SYSTEMPATH\View\View.php(231): CodeIgniter\View\View->CodeIgniter\View\{closure}()
 4 SYSTEMPATH\Common.php(1190): CodeIgniter\View\View->render('home', [], true)
 5 APPPATH\Controllers\Home.php(42): view('home', [...])
 6 SYSTEMPATH\CodeIgniter.php(942): App\Controllers\Home->index()
 7 SYSTEMPATH\CodeIgniter.php(502): CodeIgniter\CodeIgniter->runController(Object(App\Controllers\Home))
 8 SYSTEMPATH\CodeIgniter.php(361): CodeIgniter\CodeIgniter->handleRequest(null, Object(Config\Cache), false)
 9 FCPATH\index.php(79): CodeIgniter\CodeIgniter->run()
10 SYSTEMPATH\Commands\Server\rewrite.php(47): require_once('C:\\Users\\20030\\OneDrive\\Masaüstü\\mendirek\\public\\index.php')
CRITICAL - 2023-11-14 13:03:37 --> Undefined variable $data
in APPPATH\Views\home.php on line 1342.
 1 APPPATH\Views\home.php(1342): CodeIgniter\Debug\Exceptions->errorHandler(2, 'Undefined variable $data', 'C:\\Users\\20030\\OneDrive\\Masaüstü\\mendirek\\app\\Views\\home.php', 1342)
 2 SYSTEMPATH\View\View.php(228): include('C:\\Users\\20030\\OneDrive\\Masaüstü\\mendirek\\app\\Views\\home.php')
 3 SYSTEMPATH\View\View.php(231): CodeIgniter\View\View->CodeIgniter\View\{closure}()
 4 SYSTEMPATH\Common.php(1190): CodeIgniter\View\View->render('home', [], true)
 5 APPPATH\Controllers\Home.php(42): view('home', [...])
 6 SYSTEMPATH\CodeIgniter.php(942): App\Controllers\Home->index()
 7 SYSTEMPATH\CodeIgniter.php(502): CodeIgniter\CodeIgniter->runController(Object(App\Controllers\Home))
 8 SYSTEMPATH\CodeIgniter.php(361): CodeIgniter\CodeIgniter->handleRequest(null, Object(Config\Cache), false)
 9 FCPATH\index.php(79): CodeIgniter\CodeIgniter->run()
10 SYSTEMPATH\Commands\Server\rewrite.php(47): require_once('C:\\Users\\20030\\OneDrive\\Masaüstü\\mendirek\\public\\index.php')
CRITICAL - 2023-11-14 13:04:32 --> Undefined variable $i
in APPPATH\Views\home.php on line 1344.
 1 APPPATH\Views\home.php(1344): CodeIgniter\Debug\Exceptions->errorHandler(2, 'Undefined variable $i', 'C:\\Users\\20030\\OneDrive\\Masaüstü\\mendirek\\app\\Views\\home.php', 1344)
 2 SYSTEMPATH\View\View.php(228): include('C:\\Users\\20030\\OneDrive\\Masaüstü\\mendirek\\app\\Views\\home.php')
 3 SYSTEMPATH\View\View.php(231): CodeIgniter\View\View->CodeIgniter\View\{closure}()
 4 SYSTEMPATH\Common.php(1190): CodeIgniter\View\View->render('home', [], true)
 5 APPPATH\Controllers\Home.php(42): view('home', [...])
 6 SYSTEMPATH\CodeIgniter.php(942): App\Controllers\Home->index()
 7 SYSTEMPATH\CodeIgniter.php(502): CodeIgniter\CodeIgniter->runController(Object(App\Controllers\Home))
 8 SYSTEMPATH\CodeIgniter.php(361): CodeIgniter\CodeIgniter->handleRequest(null, Object(Config\Cache), false)
 9 FCPATH\index.php(79): CodeIgniter\CodeIgniter->run()
10 SYSTEMPATH\Commands\Server\rewrite.php(47): require_once('C:\\Users\\20030\\OneDrive\\Masaüstü\\mendirek\\public\\index.php')
CRITICAL - 2023-11-14 13:04:44 --> Attempt to read property "img" on array
in APPPATH\Views\home.php on line 1344.
 1 APPPATH\Views\home.php(1344): CodeIgniter\Debug\Exceptions->errorHandler(2, 'Attempt to read property "img" on array', 'C:\\Users\\20030\\OneDrive\\Masaüstü\\mendirek\\app\\Views\\home.php', 1344)
 2 SYSTEMPATH\View\View.php(228): include('C:\\Users\\20030\\OneDrive\\Masaüstü\\mendirek\\app\\Views\\home.php')
 3 SYSTEMPATH\View\View.php(231): CodeIgniter\View\View->CodeIgniter\View\{closure}()
 4 SYSTEMPATH\Common.php(1190): CodeIgniter\View\View->render('home', [], true)
 5 APPPATH\Controllers\Home.php(42): view('home', [...])
 6 SYSTEMPATH\CodeIgniter.php(942): App\Controllers\Home->index()
 7 SYSTEMPATH\CodeIgniter.php(502): CodeIgniter\CodeIgniter->runController(Object(App\Controllers\Home))
 8 SYSTEMPATH\CodeIgniter.php(361): CodeIgniter\CodeIgniter->handleRequest(null, Object(Config\Cache), false)
 9 FCPATH\index.php(79): CodeIgniter\CodeIgniter->run()
10 SYSTEMPATH\Commands\Server\rewrite.php(47): require_once('C:\\Users\\20030\\OneDrive\\Masaüstü\\mendirek\\public\\index.php')
CRITICAL - 2023-11-14 13:05:02 --> Attempt to read property "img" on array
in APPPATH\Views\home.php on line 1344.
 1 APPPATH\Views\home.php(1344): CodeIgniter\Debug\Exceptions->errorHandler(2, 'Attempt to read property "img" on array', 'C:\\Users\\20030\\OneDrive\\Masaüstü\\mendirek\\app\\Views\\home.php', 1344)
 2 SYSTEMPATH\View\View.php(228): include('C:\\Users\\20030\\OneDrive\\Masaüstü\\mendirek\\app\\Views\\home.php')
 3 SYSTEMPATH\View\View.php(231): CodeIgniter\View\View->CodeIgniter\View\{closure}()
 4 SYSTEMPATH\Common.php(1190): CodeIgniter\View\View->render('home', [], true)
 5 APPPATH\Controllers\Home.php(42): view('home', [...])
 6 SYSTEMPATH\CodeIgniter.php(942): App\Controllers\Home->index()
 7 SYSTEMPATH\CodeIgniter.php(502): CodeIgniter\CodeIgniter->runController(Object(App\Controllers\Home))
 8 SYSTEMPATH\CodeIgniter.php(361): CodeIgniter\CodeIgniter->handleRequest(null, Object(Config\Cache), false)
 9 FCPATH\index.php(79): CodeIgniter\CodeIgniter->run()
10 SYSTEMPATH\Commands\Server\rewrite.php(47): require_once('C:\\Users\\20030\\OneDrive\\Masaüstü\\mendirek\\public\\index.php')
CRITICAL - 2023-11-14 13:05:03 --> Attempt to read property "img" on array
in APPPATH\Views\home.php on line 1344.
 1 APPPATH\Views\home.php(1344): CodeIgniter\Debug\Exceptions->errorHandler(2, 'Attempt to read property "img" on array', 'C:\\Users\\20030\\OneDrive\\Masaüstü\\mendirek\\app\\Views\\home.php', 1344)
 2 SYSTEMPATH\View\View.php(228): include('C:\\Users\\20030\\OneDrive\\Masaüstü\\mendirek\\app\\Views\\home.php')
 3 SYSTEMPATH\View\View.php(231): CodeIgniter\View\View->CodeIgniter\View\{closure}()
 4 SYSTEMPATH\Common.php(1190): CodeIgniter\View\View->render('home', [], true)
 5 APPPATH\Controllers\Home.php(42): view('home', [...])
 6 SYSTEMPATH\CodeIgniter.php(942): App\Controllers\Home->index()
 7 SYSTEMPATH\CodeIgniter.php(502): CodeIgniter\CodeIgniter->runController(Object(App\Controllers\Home))
 8 SYSTEMPATH\CodeIgniter.php(361): CodeIgniter\CodeIgniter->handleRequest(null, Object(Config\Cache), false)
 9 FCPATH\index.php(79): CodeIgniter\CodeIgniter->run()
10 SYSTEMPATH\Commands\Server\rewrite.php(47): require_once('C:\\Users\\20030\\OneDrive\\Masaüstü\\mendirek\\public\\index.php')
CRITICAL - 2023-11-14 13:05:03 --> Attempt to read property "img" on array
in APPPATH\Views\home.php on line 1344.
 1 APPPATH\Views\home.php(1344): CodeIgniter\Debug\Exceptions->errorHandler(2, 'Attempt to read property "img" on array', 'C:\\Users\\20030\\OneDrive\\Masaüstü\\mendirek\\app\\Views\\home.php', 1344)
 2 SYSTEMPATH\View\View.php(228): include('C:\\Users\\20030\\OneDrive\\Masaüstü\\mendirek\\app\\Views\\home.php')
 3 SYSTEMPATH\View\View.php(231): CodeIgniter\View\View->CodeIgniter\View\{closure}()
 4 SYSTEMPATH\Common.php(1190): CodeIgniter\View\View->render('home', [], true)
 5 APPPATH\Controllers\Home.php(42): view('home', [...])
 6 SYSTEMPATH\CodeIgniter.php(942): App\Controllers\Home->index()
 7 SYSTEMPATH\CodeIgniter.php(502): CodeIgniter\CodeIgniter->runController(Object(App\Controllers\Home))
 8 SYSTEMPATH\CodeIgniter.php(361): CodeIgniter\CodeIgniter->handleRequest(null, Object(Config\Cache), false)
 9 FCPATH\index.php(79): CodeIgniter\CodeIgniter->run()
10 SYSTEMPATH\Commands\Server\rewrite.php(47): require_once('C:\\Users\\20030\\OneDrive\\Masaüstü\\mendirek\\public\\index.php')
CRITICAL - 2023-11-14 13:05:55 --> Attempt to read property "img" on array
in APPPATH\Views\home.php on line 1344.
 1 APPPATH\Views\home.php(1344): CodeIgniter\Debug\Exceptions->errorHandler(2, 'Attempt to read property "img" on array', 'C:\\Users\\20030\\OneDrive\\Masaüstü\\mendirek\\app\\Views\\home.php', 1344)
 2 SYSTEMPATH\View\View.php(228): include('C:\\Users\\20030\\OneDrive\\Masaüstü\\mendirek\\app\\Views\\home.php')
 3 SYSTEMPATH\View\View.php(231): CodeIgniter\View\View->CodeIgniter\View\{closure}()
 4 SYSTEMPATH\Common.php(1190): CodeIgniter\View\View->render('home', [], true)
 5 APPPATH\Controllers\Home.php(42): view('home', [...])
 6 SYSTEMPATH\CodeIgniter.php(942): App\Controllers\Home->index()
 7 SYSTEMPATH\CodeIgniter.php(502): CodeIgniter\CodeIgniter->runController(Object(App\Controllers\Home))
 8 SYSTEMPATH\CodeIgniter.php(361): CodeIgniter\CodeIgniter->handleRequest(null, Object(Config\Cache), false)
 9 FCPATH\index.php(79): CodeIgniter\CodeIgniter->run()
10 SYSTEMPATH\Commands\Server\rewrite.php(47): require_once('C:\\Users\\20030\\OneDrive\\Masaüstü\\mendirek\\public\\index.php')
CRITICAL - 2023-11-14 13:05:56 --> Attempt to read property "name" on array
in APPPATH\Views\home.php on line 1345.
 1 APPPATH\Views\home.php(1345): CodeIgniter\Debug\Exceptions->errorHandler(2, 'Attempt to read property "name" on array', 'C:\\Users\\20030\\OneDrive\\Masaüstü\\mendirek\\app\\Views\\home.php', 1345)
 2 SYSTEMPATH\View\View.php(228): include('C:\\Users\\20030\\OneDrive\\Masaüstü\\mendirek\\app\\Views\\home.php')
 3 SYSTEMPATH\View\View.php(231): CodeIgniter\View\View->CodeIgniter\View\{closure}()
 4 SYSTEMPATH\Common.php(1190): CodeIgniter\View\View->render('home', [], true)
 5 APPPATH\Controllers\Home.php(42): view('home', [...])
 6 SYSTEMPATH\CodeIgniter.php(942): App\Controllers\Home->index()
 7 SYSTEMPATH\CodeIgniter.php(502): CodeIgniter\CodeIgniter->runController(Object(App\Controllers\Home))
 8 SYSTEMPATH\CodeIgniter.php(361): CodeIgniter\CodeIgniter->handleRequest(null, Object(Config\Cache), false)
 9 FCPATH\index.php(79): CodeIgniter\CodeIgniter->run()
10 SYSTEMPATH\Commands\Server\rewrite.php(47): require_once('C:\\Users\\20030\\OneDrive\\Masaüstü\\mendirek\\public\\index.php')
